[10:44:18.200][INFO ](main) Loading Webapp 'webroot' (Moqui Root Webapp) on ROOT, located at: E:\BankProjects\杭州浦发\trunk\execwartmp\ROOT\webapp [MoquiContextListener.class]
[10:44:18.632][INFO ](main) Initializing Moqui Framework version 2.1.0
 - runtime directory: E:\BankProjects\杭州浦发\trunk\runtime
 - runtime config:    E:\BankProjects\杭州浦发\trunk\runtime/conf/MoquiDevConf.xml [ExecutionContextFactoryImpl.class]
[10:44:19.210][INFO ](main) Added component tools              at file:E:/BankProjects/杭州浦发/trunk/runtime/base-component/tools [ExecutionContextFactoryImpl.class]
[10:44:19.226][INFO ](main) Added component webroot            at file:E:/BankProjects/杭州浦发/trunk/runtime/base-component/webroot [ExecutionContextFactoryImpl.class]
[10:44:19.230][INFO ](main) Added component nacs-access        at file:E:/BankProjects/杭州浦发/trunk/runtime/component/nacs-access [ExecutionContextFactoryImpl.class]
[10:44:19.232][INFO ](main) Added component nacs-admin         at file:E:/BankProjects/杭州浦发/trunk/runtime/component/nacs-admin [ExecutionContextFactoryImpl.class]
[10:44:19.236][INFO ](main) Added component nacs-be            at file:E:/BankProjects/杭州浦发/trunk/runtime/component/nacs-be [ExecutionContextFactoryImpl.class]
[10:44:19.240][INFO ](main) Added component nacs-be-spd        at file:E:/BankProjects/杭州浦发/trunk/runtime/component/nacs-be-spd [ExecutionContextFactoryImpl.class]
[10:44:19.243][INFO ](main) Added component nacs-channel       at file:E:/BankProjects/杭州浦发/trunk/runtime/component/nacs-channel [ExecutionContextFactoryImpl.class]
[10:44:19.245][INFO ](main) Added component nacs-channel-unionpay at file:E:/BankProjects/杭州浦发/trunk/runtime/component/nacs-channel-unionpay [ExecutionContextFactoryImpl.class]
[10:44:19.249][INFO ](main) Added component nacs-check         at file:E:/BankProjects/杭州浦发/trunk/runtime/component/nacs-check [ExecutionContextFactoryImpl.class]
[10:44:19.252][INFO ](main) Added component nacs-clear         at file:E:/BankProjects/杭州浦发/trunk/runtime/component/nacs-clear [ExecutionContextFactoryImpl.class]
[10:44:19.255][INFO ](main) Added component nacs-main          at file:E:/BankProjects/杭州浦发/trunk/runtime/component/nacs-main [ExecutionContextFactoryImpl.class]
[10:44:19.257][INFO ](main) Added component nacs-mrchnt        at file:E:/BankProjects/杭州浦发/trunk/runtime/component/nacs-mrchnt [ExecutionContextFactoryImpl.class]
[10:44:19.259][INFO ](main) Added component nacs-route         at file:E:/BankProjects/杭州浦发/trunk/runtime/component/nacs-route [ExecutionContextFactoryImpl.class]
[10:44:19.262][INFO ](main) Added component nacs-udm           at file:E:/BankProjects/杭州浦发/trunk/runtime/component/nacs-udm [ExecutionContextFactoryImpl.class]
[10:44:19.264][INFO ](main) Added component nacs-usl           at file:E:/BankProjects/杭州浦发/trunk/runtime/component/nacs-usl [ExecutionContextFactoryImpl.class]
[10:44:19.264][INFO ](main) Components after depends-on sort: [tools, webroot, nacs-access, nacs-udm, nacs-admin, nacs-be, nacs-be-spd, nacs-channel, nacs-channel-unionpay, nacs-check, nacs-clear, nacs-main, nacs-mrchnt, nacs-route, nacs-usl] [ExecutionContextFactoryImpl.class]
[10:44:19.284][INFO ](main) Merging runtime configuration at E:\BankProjects\杭州浦发\trunk\runtime/conf/MoquiDevConf.xml [ExecutionContextFactoryImpl.class]
[10:44:19.335][INFO ](main) Found default_time_zone US/Pacific: sun.util.calendar.ZoneInfo[id="US/Pacific",offset=-28800000,dstSavings=3600000,useDaylight=true,transitions=185,lastRule=java.util.SimpleTimeZone[id=US/Pacific,offset=-28800000,dstSavings=3600000,useDaylight=true,startYear=0,startMode=3,startMonth=2,startDay=8,startDayOfWeek=1,startTime=7200000,startTimeMode=0,endMode=3,endMonth=10,endDay=1,endDayOfWeek=1,endTime=7200000,endTimeMode=0]] [ExecutionContextFactoryImpl.class]
[10:44:19.336][INFO ](main) Default locale en_US, time zone sun.util.calendar.ZoneInfo[id="US/Pacific",offset=-28800000,dstSavings=3600000,useDaylight=true,transitions=185,lastRule=java.util.SimpleTimeZone[id=US/Pacific,offset=-28800000,dstSavings=3600000,useDaylight=true,startYear=0,startMode=3,startMonth=2,startDay=8,startDayOfWeek=1,startTime=7200000,startTimeMode=0,endMode=3,endMonth=10,endDay=1,endDayOfWeek=1,endTime=7200000,endTimeMode=0]] [ExecutionContextFactoryImpl.class]
[10:44:19.446][INFO ](main) Initializing worker ThreadPoolExecutor: queue limit 65535, pool-core 4, pool-max 16, pool-alive 60s [ExecutionContextFactoryImpl.class]
[10:44:19.574][INFO ](main) Added JARs from component webroot: [closure-compiler-v20160208.jar, gradle-js-plugin-2.14.1.jar, html2js-0.1.jar] [ExecutionContextFactoryImpl.class]
[10:44:19.665][INFO ](main) Added JARs from component nacs-be-spd: [cxf-2.7.18.jar, cxf-rt-ws-policy-2.7.18.jar, dom4j-1.6.1.jar, nacs-be-spd-1.0.0.jar, wsdl4j-1.6.3.jar] [ExecutionContextFactoryImpl.class]
[10:44:19.786][INFO ](main) Added JARs from component nacs-channel-unionpay: [bcprov-jdk15on-1.54.jar, commons-codec-1.6.jar, commons-io-2.2.jar, commons-lang-2.5.jar, javax.servlet-api-3.1.0.jar, log4j-1.2.17.jar, nacs-channel-unionpay-1.0.0.jar, nacs-unionpay-1.0.0.jar, slf4j-api-1.5.11.jar, slf4j-log4j12-1.5.11.jar, upacp_sdk-1.1.0-20151216.jar] [ExecutionContextFactoryImpl.class]
[10:44:19.800][INFO ](main) Added JARs from component nacs-check: [nacs-check-1.0.0.jar] [ExecutionContextFactoryImpl.class]
[10:44:19.819][INFO ](main) Added JARs from component nacs-usl: [commons-net-1.4.1.jar, javolution-5.4.3.jar] [ExecutionContextFactoryImpl.class]
[10:44:19.820][INFO ](main) Initialized ClassLoader in 361ms [ExecutionContextFactoryImpl.class]
[10:44:19.823][INFO ](main) Not loading disabled ToolFactory with class: org.moqui.impl.tools.JackrabbitRunToolFactory [ExecutionContextFactoryImpl.class]
[10:44:19.823][INFO ](main) Not loading disabled ToolFactory with class: org.moqui.impl.tools.SubEthaSmtpToolFactory [ExecutionContextFactoryImpl.class]
[10:44:19.828][INFO ](main) Loading ToolFactory with class: org.moqui.impl.tools.MCacheToolFactory [ExecutionContextFactoryImpl.class]
[10:44:19.840][INFO ](main) Loading ToolFactory with class: org.moqui.impl.tools.H2ServerToolFactory [ExecutionContextFactoryImpl.class]
[10:44:19.865][INFO ](main) Cache Facade initialized [ExecutionContextFactoryImpl.class]
[10:44:20.272][INFO ](main) Resource Facade initialized [ExecutionContextFactoryImpl.class]
[10:44:20.390][INFO ](main) Bitronix Transaction Manager version 3.0.0-SNAPSHOT [BitronixTransactionManager.class]
[10:44:20.397][WARN ](main) Cannot get the unique server ID for this JVM ('bitronix.tm.serverId'). Make sure it is configured and you use only US-ASCII characters. Will use IP address instead (unsafe for production usage!). [Configuration.class]
[10:44:20.398][INFO ](main) JVM unique ID: <10.12.73.187> - Using this server ID to ensure uniqueness of transaction IDs across the network. [Configuration.class]
[10:44:20.544][WARN ](main) active log file is unclean, did you call BitronixTransactionManager.shutdown() at the end of the last run? [DiskJournal.class]
[10:44:20.626][INFO ](main) recovery committed 0 dangling transaction(s) and rolled back 0 aborted transaction(s) on 0 resource(s) [] (restricted to serverId '10.12.73.187') [Recoverer.class]
[10:44:20.651][INFO ](main) Transaction Facade initialized [ExecutionContextFactoryImpl.class]
[10:44:20.711][INFO ](main) Database time zone is sun.util.calendar.ZoneInfo[id="US/Pacific",offset=-28800000,dstSavings=3600000,useDaylight=true,transitions=185,lastRule=java.util.SimpleTimeZone[id=US/Pacific,offset=-28800000,dstSavings=3600000,useDaylight=true,startYear=0,startMode=3,startMonth=2,startDay=8,startDayOfWeek=1,startTime=7200000,startTimeMode=0,endMode=3,endMonth=10,endDay=1,endDayOfWeek=1,endTime=7200000,endTimeMode=0]] [EntityFacadeImpl.class]
[10:44:20.817][INFO ](main) Initializing DataSource transactional_DS (h2) with properties: [user:sa, url:jdbc:h2:E:\BankProjects\杭州浦发\trunk\runtime/db/h2/moqui;lock_timeout=30000] [TransactionInternalBitronix.class]
[10:44:21.880][INFO ](main) incremental recovery committed 0 dangling transaction(s) and rolled back 0 aborted transaction(s) on resource [transactional_DS] (restricted to serverId '10.12.73.187') [IncrementalRecoverer.class]
[10:44:21.882][INFO ](main) Init DataSource transactional_DS (h2) isolation READ_COMMITTED (2), max pool 50 [TransactionInternalBitronix.class]
[10:44:21.898][INFO ](main) Loaded 0 Entity ECA rules from 0 .eecas.xml files [EntityFacadeImpl.class]
[10:44:21.915][INFO ](main) Entity Cache initialized, distributed cache invalidate enabled: false [EntityCache.class]
[10:44:21.939][INFO ](main) Entity Facade initialized [ExecutionContextFactoryImpl.class]
[10:44:21.981][INFO ](main) Loaded 0 Service ECA rules from 0 .secas.xml files [ServiceFacadeImpl.class]
[10:44:22.122][INFO ](main) Loaded REST API from moqui.rest.xml (71 paths, 83 methods) [RestApi.class]
[10:44:22.146][INFO ](main) Loaded REST API from access.rest.xml (5 paths, 2 methods) [RestApi.class]
[10:44:22.148][INFO ](main) Loaded REST API files, 2 roots, in 155ms [RestApi.class]
[10:44:22.197][INFO ](main) No distributed-factory specified, distributed async service calls will be run local only [ServiceFacadeImpl.class]
[10:44:22.229][INFO ](main) Service Facade initialized [ExecutionContextFactoryImpl.class]
[10:44:22.248][INFO ](main) Screen Facade initialized [ExecutionContextFactoryImpl.class]
[10:44:22.248][INFO ](main) Loading entity definitions [ExecutionContextFactoryImpl.class]
[10:44:22.418][INFO ](main) Found entities in 20 files in 170ms [EntityFacadeImpl.class]
[10:44:22.672][INFO ](main) Found 0 view-entity definitions in database (DbViewEntity records) [EntityFacadeImpl.class]
[10:44:23.016][INFO ](main) Loaded 199 entity definitions in 768ms [ExecutionContextFactoryImpl.class]
[10:44:23.016][INFO ](main) Initializing ToolFactory: MCache [ExecutionContextFactoryImpl.class]
[10:44:23.016][INFO ](main) Initializing ToolFactory: H2Server [ExecutionContextFactoryImpl.class]
[10:44:23.072][INFO ](main) Started H2 remote server on port 9092 status: TCP server running at tcp://10.12.73.187:9092 (only local connections) [H2ServerToolFactory.class]
[10:44:23.072][INFO ](main) H2 args: [-tcpPort, 9092, -ifExists, -baseDir, E:\BankProjects\杭州浦发\trunk\runtime/db/h2] [H2ServerToolFactory.class]
[10:44:23.073][INFO ](main) Found shutdown hook: org.h2.engine.DatabaseCloser Thread[Thread-12,5,main] [H2ServerToolFactory.class]
[10:44:23.074][INFO ](main) Found shutdown hook: java.lang.Thread Thread[pool-1-thread-1,5,main] [H2ServerToolFactory.class]
[10:44:23.074][INFO ](main) Found shutdown hook: org.eclipse.jetty.util.thread.ShutdownThread Thread[Thread-0,5,main] [H2ServerToolFactory.class]
[10:44:23.074][INFO ](main) Found shutdown hook: java.util.logging.LogManager$Cleaner Thread[Thread-9,5,main] [H2ServerToolFactory.class]
[10:44:23.074][INFO ](main) Found shutdown hook: org.h2.engine.DatabaseCloser Thread[Thread-13,5,main] [H2ServerToolFactory.class]
[10:44:23.327][INFO ](main) Execution Context Factory initialized in 4.839 seconds [ExecutionContextFactoryImpl.class]
[10:44:23.349][DEBUG](main) making find PreparedStatement for SQL: SELECT COUNT(*)  FROM ENUMERATION [EntityFindBuilder.class]
[10:44:23.350][DEBUG](main) Executed query with SQL [SELECT COUNT(*)  FROM ENUMERATION] and parameters [[]] in [0] seconds [EntityQueryBuilder.class]
[10:44:23.353][INFO ](main) Found 289 Enumeration records, NOT loading empty-db-load data types (all) [ExecutionContextFactoryImpl.class]
[10:44:23.432][INFO ](main) Initializing webapp webroot http://null:null https://null:null https enabled? false [ExecutionContextFactoryImpl.class]
[10:44:23.440][INFO ](main) Added webapp listener org.moqui.impl.webapp.MoquiSessionListener [MoquiContextListener.class]
[10:44:23.477][INFO ](main) Added servlet MoquiServlet on: [/*] [MoquiContextListener.class]
[10:44:23.485][INFO ](main) Added servlet MoquiFopServlet on: [/fop/*] [MoquiContextListener.class]
[10:44:23.491][INFO ](main) Added servlet H2Console on: [/h2/*] [MoquiContextListener.class]
[10:44:23.492][INFO ](main) Found WebSocket ServerContainer org.eclipse.jetty.websocket.jsr356.server.ServerContainer [MoquiContextListener.class]
[10:44:23.509][INFO ](main) Added WebSocket endpoint /notws for class org.moqui.impl.webapp.NotificationEndpoint [MoquiContextListener.class]
[10:44:23.510][INFO ](main) Moqui Framework initialized in 5.338 seconds [MoquiContextListener.class]
[10:44:23.534][INFO ](main) MoquiServlet initialized for webapp webroot [MoquiServlet.class]
[10:44:33.816][DEBUG](qtp1190900417-11) making find PreparedStatement for SQL: SELECT ORIGINAL, LOCALE, LOCALIZED, LAST_UPDATED_STAMP FROM LOCALIZED_MESSAGE WHERE (ORIGINAL = ? AND LOCALE = ?) [EntityFindBuilder.class]
[10:44:33.818][DEBUG](qtp1190900417-11) Executed query with SQL [SELECT ORIGINAL, LOCALE, LOCALIZED, LAST_UPDATED_STAMP FROM LOCALIZED_MESSAGE WHERE (ORIGINAL = ? AND LOCALE = ?)] and parameters [[original:Change Password, locale:en_US]] in [0] seconds [EntityQueryBuilder.class]
[10:44:33.888][DEBUG](qtp1190900417-11) making find PreparedStatement for SQL: SELECT ORIGINAL, LOCALE, LOCALIZED, LAST_UPDATED_STAMP FROM LOCALIZED_MESSAGE WHERE (ORIGINAL = ? AND LOCALE = ?) [EntityFindBuilder.class]
[10:44:33.889][DEBUG](qtp1190900417-11) Executed query with SQL [SELECT ORIGINAL, LOCALE, LOCALIZED, LAST_UPDATED_STAMP FROM LOCALIZED_MESSAGE WHERE (ORIGINAL = ? AND LOCALE = ?)] and parameters [[original:Change Password, locale:en]] in [0] seconds [EntityQueryBuilder.class]
[10:44:33.890][DEBUG](qtp1190900417-11) making find PreparedStatement for SQL: SELECT ORIGINAL, LOCALE, LOCALIZED, LAST_UPDATED_STAMP FROM LOCALIZED_MESSAGE WHERE (ORIGINAL = ? AND LOCALE = ?) [EntityFindBuilder.class]
[10:44:33.894][DEBUG](qtp1190900417-11) Executed query with SQL [SELECT ORIGINAL, LOCALE, LOCALIZED, LAST_UPDATED_STAMP FROM LOCALIZED_MESSAGE WHERE (ORIGINAL = ? AND LOCALE = ?)] and parameters [[original:Change Password, locale:default]] in [0] seconds [EntityQueryBuilder.class]
[10:44:33.948][DEBUG](qtp1190900417-11) making find PreparedStatement for SQL: SELECT ORIGINAL, LOCALE, LOCALIZED, LAST_UPDATED_STAMP FROM LOCALIZED_MESSAGE WHERE (ORIGINAL = ? AND LOCALE = ?) [EntityFindBuilder.class]
[10:44:33.989][DEBUG](qtp1190900417-11) Executed query with SQL [SELECT ORIGINAL, LOCALE, LOCALIZED, LAST_UPDATED_STAMP FROM LOCALIZED_MESSAGE WHERE (ORIGINAL = ? AND LOCALE = ?)] and parameters [[original:Login, locale:en_US]] in [0] seconds [EntityQueryBuilder.class]
[10:44:33.992][DEBUG](qtp1190900417-11) making find PreparedStatement for SQL: SELECT ORIGINAL, LOCALE, LOCALIZED, LAST_UPDATED_STAMP FROM LOCALIZED_MESSAGE WHERE (ORIGINAL = ? AND LOCALE = ?) [EntityFindBuilder.class]
[10:44:33.997][DEBUG](qtp1190900417-11) Executed query with SQL [SELECT ORIGINAL, LOCALE, LOCALIZED, LAST_UPDATED_STAMP FROM LOCALIZED_MESSAGE WHERE (ORIGINAL = ? AND LOCALE = ?)] and parameters [[original:Login, locale:en]] in [0] seconds [EntityQueryBuilder.class]
[10:44:33.999][DEBUG](qtp1190900417-11) making find PreparedStatement for SQL: SELECT ORIGINAL, LOCALE, LOCALIZED, LAST_UPDATED_STAMP FROM LOCALIZED_MESSAGE WHERE (ORIGINAL = ? AND LOCALE = ?) [EntityFindBuilder.class]
[10:44:34.001][DEBUG](qtp1190900417-11) Executed query with SQL [SELECT ORIGINAL, LOCALE, LOCALIZED, LAST_UPDATED_STAMP FROM LOCALIZED_MESSAGE WHERE (ORIGINAL = ? AND LOCALE = ?)] and parameters [[original:Login, locale:default]] in [0] seconds [EntityQueryBuilder.class]
[10:44:34.008][DEBUG](qtp1190900417-11) making find PreparedStatement for SQL: SELECT ORIGINAL, LOCALE, LOCALIZED, LAST_UPDATED_STAMP FROM LOCALIZED_MESSAGE WHERE (ORIGINAL = ? AND LOCALE = ?) [EntityFindBuilder.class]
[10:44:34.009][DEBUG](qtp1190900417-11) Executed query with SQL [SELECT ORIGINAL, LOCALE, LOCALIZED, LAST_UPDATED_STAMP FROM LOCALIZED_MESSAGE WHERE (ORIGINAL = ? AND LOCALE = ?)] and parameters [[original:Echopath, locale:en_US]] in [0] seconds [EntityQueryBuilder.class]
[10:44:34.011][DEBUG](qtp1190900417-11) making find PreparedStatement for SQL: SELECT ORIGINAL, LOCALE, LOCALIZED, LAST_UPDATED_STAMP FROM LOCALIZED_MESSAGE WHERE (ORIGINAL = ? AND LOCALE = ?) [EntityFindBuilder.class]
[10:44:34.012][DEBUG](qtp1190900417-11) Executed query with SQL [SELECT ORIGINAL, LOCALE, LOCALIZED, LAST_UPDATED_STAMP FROM LOCALIZED_MESSAGE WHERE (ORIGINAL = ? AND LOCALE = ?)] and parameters [[original:Echopath, locale:en]] in [0] seconds [EntityQueryBuilder.class]
[10:44:34.013][DEBUG](qtp1190900417-11) making find PreparedStatement for SQL: SELECT ORIGINAL, LOCALE, LOCALIZED, LAST_UPDATED_STAMP FROM LOCALIZED_MESSAGE WHERE (ORIGINAL = ? AND LOCALE = ?) [EntityFindBuilder.class]
[10:44:34.014][DEBUG](qtp1190900417-11) Executed query with SQL [SELECT ORIGINAL, LOCALE, LOCALIZED, LAST_UPDATED_STAMP FROM LOCALIZED_MESSAGE WHERE (ORIGINAL = ? AND LOCALE = ?)] and parameters [[original:Echopath, locale:default]] in [0] seconds [EntityQueryBuilder.class]
[10:44:34.021][DEBUG](qtp1190900417-11) making find PreparedStatement for SQL: SELECT ORIGINAL, LOCALE, LOCALIZED, LAST_UPDATED_STAMP FROM LOCALIZED_MESSAGE WHERE (ORIGINAL = ? AND LOCALE = ?) [EntityFindBuilder.class]
[10:44:34.056][DEBUG](qtp1190900417-11) Executed query with SQL [SELECT ORIGINAL, LOCALE, LOCALIZED, LAST_UPDATED_STAMP FROM LOCALIZED_MESSAGE WHERE (ORIGINAL = ? AND LOCALE = ?)] and parameters [[original:Error, locale:en_US]] in [0] seconds [EntityQueryBuilder.class]
[10:44:34.057][DEBUG](qtp1190900417-11) making find PreparedStatement for SQL: SELECT ORIGINAL, LOCALE, LOCALIZED, LAST_UPDATED_STAMP FROM LOCALIZED_MESSAGE WHERE (ORIGINAL = ? AND LOCALE = ?) [EntityFindBuilder.class]
[10:44:34.058][DEBUG](qtp1190900417-11) Executed query with SQL [SELECT ORIGINAL, LOCALE, LOCALIZED, LAST_UPDATED_STAMP FROM LOCALIZED_MESSAGE WHERE (ORIGINAL = ? AND LOCALE = ?)] and parameters [[original:Error, locale:en]] in [0] seconds [EntityQueryBuilder.class]
[10:44:34.059][DEBUG](qtp1190900417-11) making find PreparedStatement for SQL: SELECT ORIGINAL, LOCALE, LOCALIZED, LAST_UPDATED_STAMP FROM LOCALIZED_MESSAGE WHERE (ORIGINAL = ? AND LOCALE = ?) [EntityFindBuilder.class]
[10:44:34.059][DEBUG](qtp1190900417-11) Executed query with SQL [SELECT ORIGINAL, LOCALE, LOCALIZED, LAST_UPDATED_STAMP FROM LOCALIZED_MESSAGE WHERE (ORIGINAL = ? AND LOCALE = ?)] and parameters [[original:Error, locale:default]] in [0] seconds [EntityQueryBuilder.class]
[10:44:34.072][DEBUG](qtp1190900417-11) making find PreparedStatement for SQL: SELECT ORIGINAL, LOCALE, LOCALIZED, LAST_UPDATED_STAMP FROM LOCALIZED_MESSAGE WHERE (ORIGINAL = ? AND LOCALE = ?) [EntityFindBuilder.class]
[10:44:34.073][DEBUG](qtp1190900417-11) Executed query with SQL [SELECT ORIGINAL, LOCALE, LOCALIZED, LAST_UPDATED_STAMP FROM LOCALIZED_MESSAGE WHERE (ORIGINAL = ? AND LOCALE = ?)] and parameters [[original:Rest, locale:en_US]] in [0] seconds [EntityQueryBuilder.class]
[10:44:34.074][DEBUG](qtp1190900417-11) making find PreparedStatement for SQL: SELECT ORIGINAL, LOCALE, LOCALIZED, LAST_UPDATED_STAMP FROM LOCALIZED_MESSAGE WHERE (ORIGINAL = ? AND LOCALE = ?) [EntityFindBuilder.class]
[10:44:34.074][DEBUG](qtp1190900417-11) Executed query with SQL [SELECT ORIGINAL, LOCALE, LOCALIZED, LAST_UPDATED_STAMP FROM LOCALIZED_MESSAGE WHERE (ORIGINAL = ? AND LOCALE = ?)] and parameters [[original:Rest, locale:en]] in [0] seconds [EntityQueryBuilder.class]
[10:44:34.075][DEBUG](qtp1190900417-11) making find PreparedStatement for SQL: SELECT ORIGINAL, LOCALE, LOCALIZED, LAST_UPDATED_STAMP FROM LOCALIZED_MESSAGE WHERE (ORIGINAL = ? AND LOCALE = ?) [EntityFindBuilder.class]
[10:44:34.077][DEBUG](qtp1190900417-11) Executed query with SQL [SELECT ORIGINAL, LOCALE, LOCALIZED, LAST_UPDATED_STAMP FROM LOCALIZED_MESSAGE WHERE (ORIGINAL = ? AND LOCALE = ?)] and parameters [[original:Rest, locale:default]] in [0] seconds [EntityQueryBuilder.class]
[10:44:34.082][DEBUG](qtp1190900417-11) making find PreparedStatement for SQL: SELECT ORIGINAL, LOCALE, LOCALIZED, LAST_UPDATED_STAMP FROM LOCALIZED_MESSAGE WHERE (ORIGINAL = ? AND LOCALE = ?) [EntityFindBuilder.class]
[10:44:34.083][DEBUG](qtp1190900417-11) Executed query with SQL [SELECT ORIGINAL, LOCALE, LOCALIZED, LAST_UPDATED_STAMP FROM LOCALIZED_MESSAGE WHERE (ORIGINAL = ? AND LOCALE = ?)] and parameters [[original:Rpc, locale:en_US]] in [0] seconds [EntityQueryBuilder.class]
[10:44:34.085][DEBUG](qtp1190900417-11) making find PreparedStatement for SQL: SELECT ORIGINAL, LOCALE, LOCALIZED, LAST_UPDATED_STAMP FROM LOCALIZED_MESSAGE WHERE (ORIGINAL = ? AND LOCALE = ?) [EntityFindBuilder.class]
[10:44:34.086][DEBUG](qtp1190900417-11) Executed query with SQL [SELECT ORIGINAL, LOCALE, LOCALIZED, LAST_UPDATED_STAMP FROM LOCALIZED_MESSAGE WHERE (ORIGINAL = ? AND LOCALE = ?)] and parameters [[original:Rpc, locale:en]] in [0] seconds [EntityQueryBuilder.class]
[10:44:34.087][DEBUG](qtp1190900417-11) making find PreparedStatement for SQL: SELECT ORIGINAL, LOCALE, LOCALIZED, LAST_UPDATED_STAMP FROM LOCALIZED_MESSAGE WHERE (ORIGINAL = ? AND LOCALE = ?) [EntityFindBuilder.class]
[10:44:34.088][DEBUG](qtp1190900417-11) Executed query with SQL [SELECT ORIGINAL, LOCALE, LOCALIZED, LAST_UPDATED_STAMP FROM LOCALIZED_MESSAGE WHERE (ORIGINAL = ? AND LOCALE = ?)] and parameters [[original:Rpc, locale:default]] in [0] seconds [EntityQueryBuilder.class]
[10:44:34.135][DEBUG](qtp1190900417-11) making find PreparedStatement for SQL: SELECT ORIGINAL, LOCALE, LOCALIZED, LAST_UPDATED_STAMP FROM LOCALIZED_MESSAGE WHERE (ORIGINAL = ? AND LOCALE = ?) [EntityFindBuilder.class]
[10:44:34.142][DEBUG](qtp1190900417-11) Executed query with SQL [SELECT ORIGINAL, LOCALE, LOCALIZED, LAST_UPDATED_STAMP FROM LOCALIZED_MESSAGE WHERE (ORIGINAL = ? AND LOCALE = ?)] and parameters [[original:Toolstatic, locale:en_US]] in [0] seconds [EntityQueryBuilder.class]
[10:44:34.144][DEBUG](qtp1190900417-11) making find PreparedStatement for SQL: SELECT ORIGINAL, LOCALE, LOCALIZED, LAST_UPDATED_STAMP FROM LOCALIZED_MESSAGE WHERE (ORIGINAL = ? AND LOCALE = ?) [EntityFindBuilder.class]
[10:44:34.145][DEBUG](qtp1190900417-11) Executed query with SQL [SELECT ORIGINAL, LOCALE, LOCALIZED, LAST_UPDATED_STAMP FROM LOCALIZED_MESSAGE WHERE (ORIGINAL = ? AND LOCALE = ?)] and parameters [[original:Toolstatic, locale:en]] in [0] seconds [EntityQueryBuilder.class]
[10:44:34.146][DEBUG](qtp1190900417-11) making find PreparedStatement for SQL: SELECT ORIGINAL, LOCALE, LOCALIZED, LAST_UPDATED_STAMP FROM LOCALIZED_MESSAGE WHERE (ORIGINAL = ? AND LOCALE = ?) [EntityFindBuilder.class]
[10:44:34.147][DEBUG](qtp1190900417-11) Executed query with SQL [SELECT ORIGINAL, LOCALE, LOCALIZED, LAST_UPDATED_STAMP FROM LOCALIZED_MESSAGE WHERE (ORIGINAL = ? AND LOCALE = ?)] and parameters [[original:Toolstatic, locale:default]] in [0] seconds [EntityQueryBuilder.class]
[10:44:34.155][DEBUG](qtp1190900417-11) making find PreparedStatement for SQL: SELECT SCREEN_LOCATION, SUBSCREEN_NAME, USER_GROUP_ID, SUBSCREEN_LOCATION, MENU_TITLE, MENU_INDEX, MENU_INCLUDE, MAKE_DEFAULT, LAST_UPDATED_STAMP FROM SUBSCREENS_ITEM WHERE SCREEN_LOCATION = ? [EntityFindBuilder.class]
[10:44:34.155][DEBUG](qtp1190900417-11) Executed query with SQL [SELECT SCREEN_LOCATION, SUBSCREEN_NAME, USER_GROUP_ID, SUBSCREEN_LOCATION, MENU_TITLE, MENU_INDEX, MENU_INCLUDE, MAKE_DEFAULT, LAST_UPDATED_STAMP FROM SUBSCREENS_ITEM WHERE SCREEN_LOCATION = ?] and parameters [[screenLocation:component://webroot/screen/webroot.xml]] in [0] seconds [EntityQueryBuilder.class]
[10:44:34.212][DEBUG](qtp1190900417-11) making find PreparedStatement for SQL: SELECT SCREEN_LOCATION, SUBSCREEN_NAME, USER_GROUP_ID, SUBSCREEN_LOCATION, MENU_TITLE, MENU_INDEX, MENU_INCLUDE, MAKE_DEFAULT, LAST_UPDATED_STAMP FROM SUBSCREENS_ITEM WHERE SCREEN_LOCATION = ? [EntityFindBuilder.class]
[10:44:34.213][DEBUG](qtp1190900417-11) Executed query with SQL [SELECT SCREEN_LOCATION, SUBSCREEN_NAME, USER_GROUP_ID, SUBSCREEN_LOCATION, MENU_TITLE, MENU_INDEX, MENU_INCLUDE, MAKE_DEFAULT, LAST_UPDATED_STAMP FROM SUBSCREENS_ITEM WHERE SCREEN_LOCATION = ?] and parameters [[screenLocation:component://webroot/screen/webroot/vapps.xml]] in [0] seconds [EntityQueryBuilder.class]
[10:44:34.218][DEBUG](qtp1190900417-11) making find PreparedStatement for SQL: SELECT VISITOR_ID, CREATED_DATE, LAST_UPDATED_STAMP FROM VISITOR WHERE VISITOR_ID = ? [EntityFindBuilder.class]
[10:44:34.218][DEBUG](qtp1190900417-11) Executed query with SQL [SELECT VISITOR_ID, CREATED_DATE, LAST_UPDATED_STAMP FROM VISITOR WHERE VISITOR_ID = ?] and parameters [[visitorId:100000]] in [0] seconds [EntityQueryBuilder.class]
[10:44:34.285][DEBUG](qtp1190900417-11) making find PreparedStatement for SQL: SELECT AAZ.USER_GROUP_ID, AAZ.ARTIFACT_AUTHZ_ID, AAZ.AUTHZ_ACTION_ENUM_ID, AAZ.AUTHZ_TYPE_ENUM_ID, AAZ.AUTHZ_SERVICE_NAME, AGM.ARTIFACT_GROUP_ID, AGM.ARTIFACT_NAME, AGM.ARTIFACT_TYPE_ENUM_ID, AGM.NAME_IS_PATTERN, AGM.INHERIT_AUTHZ, AGM.FILTER_MAP FROM (ARTIFACT_AUTHZ AAZ INNER JOIN ARTIFACT_GROUP_MEMBER AGM ON AAZ.ARTIFACT_GROUP_ID = AGM.ARTIFACT_GROUP_ID) WHERE AAZ.USER_GROUP_ID = ? [EntityFindBuilder.class]
[10:44:34.304][DEBUG](qtp1190900417-11) Executed query with SQL [SELECT AAZ.USER_GROUP_ID, AAZ.ARTIFACT_AUTHZ_ID, AAZ.AUTHZ_ACTION_ENUM_ID, AAZ.AUTHZ_TYPE_ENUM_ID, AAZ.AUTHZ_SERVICE_NAME, AGM.ARTIFACT_GROUP_ID, AGM.ARTIFACT_NAME, AGM.ARTIFACT_TYPE_ENUM_ID, AGM.NAME_IS_PATTERN, AGM.INHERIT_AUTHZ, AGM.FILTER_MAP FROM (ARTIFACT_AUTHZ AAZ INNER JOIN ARTIFACT_GROUP_MEMBER AGM ON AAZ.ARTIFACT_GROUP_ID = AGM.ARTIFACT_GROUP_ID) WHERE AAZ.USER_GROUP_ID = ?] and parameters [[userGroupId:ALL_USERS]] in [0] seconds [EntityQueryBuilder.class]
[10:44:34.461][DEBUG](RequireNewTx) making find PreparedStatement for SQL: SELECT SEQ_NAME, SEQ_NUM, LAST_UPDATED_STAMP FROM SEQUENCE_VALUE_ITEM WHERE SEQ_NAME = ? FOR UPDATE [EntityFindBuilder.class]
[10:44:34.471][DEBUG](RequireNewTx) Executed query with SQL [SELECT SEQ_NAME, SEQ_NUM, LAST_UPDATED_STAMP FROM SEQUENCE_VALUE_ITEM WHERE SEQ_NAME = ? FOR UPDATE] and parameters [[seqName:moqui.server.Visit]] in [0] seconds [EntityQueryBuilder.class]
[10:44:34.472][INFO ](RequireNewTx) 更 [EntityValueBase.class]
[10:44:34.472][INFO ](RequireNewTx) 更1 [EntityValueBase.class]
[10:44:34.472][INFO ](RequireNewTx) 更2 [EntityValueBase.class]
[10:44:34.521][INFO ](RequireNewTx) Built entity.data.feed.info cache for in 49ms, entries for 0 entities [EntityDataFeed.class]
[10:44:34.521][INFO ](RequireNewTx) 更4 [EntityValueBase.class]
[10:44:34.521][INFO ](RequireNewTx) 更5 [EntityValueBase.class]
[10:44:34.522][INFO ](RequireNewTx) 更5 [EntityValueBase.class]
[10:44:34.522][INFO ](RequireNewTx) 更5.5 [EntityValueBase.class]
[10:44:34.522][INFO ](RequireNewTx) 更9 [EntityValueBase.class]
[10:44:34.522][INFO ](RequireNewTx) 更10 [EntityValueBase.class]
[10:44:34.522][INFO ](RequireNewTx) 更11 [EntityValueBase.class]
[10:44:34.522][INFO ](RequireNewTx) 打SQL！ [EntityValueImpl.class]
[10:44:34.525][DEBUG](RequireNewTx) making crud PreparedStatement for SQL: UPDATE SEQUENCE_VALUE_ITEM SET SEQ_NUM=?, LAST_UPDATED_STAMP=? WHERE SEQ_NAME=? [EntityQueryBuilder.class]
[10:44:34.529][DEBUG](RequireNewTx) Executed update with SQL [UPDATE SEQUENCE_VALUE_ITEM SET SEQ_NUM=?, LAST_UPDATED_STAMP=? WHERE SEQ_NAME=?] and parameters [[seqNum:100504, lastUpdatedStamp:2018-04-01 19:44:34.427, seqName:moqui.server.Visit]] in [0] seconds changing [1] rows [EntityQueryBuilder.class]
[10:44:34.529][INFO ](RequireNewTx) 更12 [EntityValueBase.class]
[10:44:34.529][INFO ](RequireNewTx) 更13 [EntityValueBase.class]
[10:44:34.529][INFO ](RequireNewTx) 更7 [EntityValueBase.class]
[10:44:34.529][INFO ](RequireNewTx) 更8 [EntityValueBase.class]
[10:44:34.649][DEBUG](qtp1190900417-11) making crud PreparedStatement for SQL: INSERT INTO VISIT (VISIT_ID, VISITOR_ID, SESSION_ID, SERVER_IP_ADDRESS, SERVER_HOST_NAME, WEBAPP_NAME, INITIAL_LOCALE, INITIAL_REQUEST, INITIAL_REFERRER, INITIAL_USER_AGENT, CLIENT_IP_ADDRESS, CLIENT_HOST_NAME, CLIENT_USER, FROM_DATE, LAST_UPDATED_STAMP) VALUES (?, ?, ?, ?, ?, ?, ?, ?, ?, ?, ?, ?, ?, ?, ?) [EntityQueryBuilder.class]
[10:44:34.655][DEBUG](qtp1190900417-11) Executed update with SQL [INSERT INTO VISIT (VISIT_ID, VISITOR_ID, SESSION_ID, SERVER_IP_ADDRESS, SERVER_HOST_NAME, WEBAPP_NAME, INITIAL_LOCALE, INITIAL_REQUEST, INITIAL_REFERRER, INITIAL_USER_AGENT, CLIENT_IP_ADDRESS, CLIENT_HOST_NAME, CLIENT_USER, FROM_DATE, LAST_UPDATED_STAMP) VALUES (?, ?, ?, ?, ?, ?, ?, ?, ?, ?, ?, ?, ?, ?, ?)] and parameters [[]] in [0] seconds changing [1] rows [EntityQueryBuilder.class]
[10:44:34.659][INFO ](qtp1190900417-11) Created new Visit with ID [100404] in session [node0grr84i0ilt61z9m9ypo2rhsk0] [UserFacadeImpl.class]
[10:44:35.611][INFO ](qtp1190900417-11) Redirecting to /Login instead of rendering [vapps] [ScreenRenderImpl.class]
[10:44:35.622][INFO ](qtp1190900417-11) vapps [] in 938ms (text/html;charset=utf-8) session node0grr84i0ilt61z9m9ypo2rhsk0 [ScreenRenderImpl.class]
[10:44:36.075][DEBUG](qtp1190900417-16) making find PreparedStatement for SQL: SELECT SCREEN_LOCATION, SUBSCREEN_NAME, USER_GROUP_ID, SUBSCREEN_LOCATION, MENU_TITLE, MENU_INDEX, MENU_INCLUDE, MAKE_DEFAULT, LAST_UPDATED_STAMP FROM SUBSCREENS_ITEM WHERE SCREEN_LOCATION = ? [EntityFindBuilder.class]
[10:44:36.076][DEBUG](qtp1190900417-16) Executed query with SQL [SELECT SCREEN_LOCATION, SUBSCREEN_NAME, USER_GROUP_ID, SUBSCREEN_LOCATION, MENU_TITLE, MENU_INDEX, MENU_INCLUDE, MAKE_DEFAULT, LAST_UPDATED_STAMP FROM SUBSCREENS_ITEM WHERE SCREEN_LOCATION = ?] and parameters [[screenLocation:component://webroot/screen/webroot/Login.xml]] in [0] seconds [EntityQueryBuilder.class]
[10:44:36.809][DEBUG](qtp1190900417-16) making find PreparedStatement for SQL: SELECT ORIGINAL, LOCALE, LOCALIZED, LAST_UPDATED_STAMP FROM LOCALIZED_MESSAGE WHERE (ORIGINAL = ? AND LOCALE = ?) [EntityFindBuilder.class]
[10:44:36.809][DEBUG](qtp1190900417-16) Executed query with SQL [SELECT ORIGINAL, LOCALE, LOCALIZED, LAST_UPDATED_STAMP FROM LOCALIZED_MESSAGE WHERE (ORIGINAL = ? AND LOCALE = ?)] and parameters [[original:Webroot, locale:en_US]] in [0] seconds [EntityQueryBuilder.class]
[10:44:36.811][DEBUG](qtp1190900417-16) making find PreparedStatement for SQL: SELECT ORIGINAL, LOCALE, LOCALIZED, LAST_UPDATED_STAMP FROM LOCALIZED_MESSAGE WHERE (ORIGINAL = ? AND LOCALE = ?) [EntityFindBuilder.class]
[10:44:36.813][DEBUG](qtp1190900417-16) Executed query with SQL [SELECT ORIGINAL, LOCALE, LOCALIZED, LAST_UPDATED_STAMP FROM LOCALIZED_MESSAGE WHERE (ORIGINAL = ? AND LOCALE = ?)] and parameters [[original:Webroot, locale:en]] in [0] seconds [EntityQueryBuilder.class]
[10:44:36.815][DEBUG](qtp1190900417-16) making find PreparedStatement for SQL: SELECT ORIGINAL, LOCALE, LOCALIZED, LAST_UPDATED_STAMP FROM LOCALIZED_MESSAGE WHERE (ORIGINAL = ? AND LOCALE = ?) [EntityFindBuilder.class]
[10:44:36.817][DEBUG](qtp1190900417-16) Executed query with SQL [SELECT ORIGINAL, LOCALE, LOCALIZED, LAST_UPDATED_STAMP FROM LOCALIZED_MESSAGE WHERE (ORIGINAL = ? AND LOCALE = ?)] and parameters [[original:Webroot, locale:default]] in [0] seconds [EntityQueryBuilder.class]
[10:44:36.822][DEBUG](qtp1190900417-16) making find PreparedStatement for SQL: SELECT ORIGINAL, LOCALE, LOCALIZED, LAST_UPDATED_STAMP FROM LOCALIZED_MESSAGE WHERE (ORIGINAL = ? AND LOCALE = ?) [EntityFindBuilder.class]
[10:44:36.823][DEBUG](qtp1190900417-16) Executed query with SQL [SELECT ORIGINAL, LOCALE, LOCALIZED, LAST_UPDATED_STAMP FROM LOCALIZED_MESSAGE WHERE (ORIGINAL = ? AND LOCALE = ?)] and parameters [[original:登录, locale:en_US]] in [0] seconds [EntityQueryBuilder.class]
[10:44:36.823][DEBUG](qtp1190900417-16) making find PreparedStatement for SQL: SELECT ORIGINAL, LOCALE, LOCALIZED, LAST_UPDATED_STAMP FROM LOCALIZED_MESSAGE WHERE (ORIGINAL = ? AND LOCALE = ?) [EntityFindBuilder.class]
[10:44:36.824][DEBUG](qtp1190900417-16) Executed query with SQL [SELECT ORIGINAL, LOCALE, LOCALIZED, LAST_UPDATED_STAMP FROM LOCALIZED_MESSAGE WHERE (ORIGINAL = ? AND LOCALE = ?)] and parameters [[original:登录, locale:en]] in [0] seconds [EntityQueryBuilder.class]
[10:44:36.826][DEBUG](qtp1190900417-16) making find PreparedStatement for SQL: SELECT ORIGINAL, LOCALE, LOCALIZED, LAST_UPDATED_STAMP FROM LOCALIZED_MESSAGE WHERE (ORIGINAL = ? AND LOCALE = ?) [EntityFindBuilder.class]
[10:44:36.829][DEBUG](qtp1190900417-16) Executed query with SQL [SELECT ORIGINAL, LOCALE, LOCALIZED, LAST_UPDATED_STAMP FROM LOCALIZED_MESSAGE WHERE (ORIGINAL = ? AND LOCALE = ?)] and parameters [[original:登录, locale:default]] in [0] seconds [EntityQueryBuilder.class]
[10:44:36.875][DEBUG](qtp1190900417-16) making find PreparedStatement for SQL: SELECT SCREEN_THEME_ID, SEQUENCE_NUM, RESOURCE_TYPE_ENUM_ID, RESOURCE_VALUE, LAST_UPDATED_STAMP FROM SCREEN_THEME_RESOURCE WHERE (SCREEN_THEME_ID = ? AND RESOURCE_TYPE_ENUM_ID = ?) ORDER BY SEQUENCE_NUM ASC NULLS LAST [EntityFindBuilder.class]
[10:44:36.884][DEBUG](qtp1190900417-16) Executed query with SQL [SELECT SCREEN_THEME_ID, SEQUENCE_NUM, RESOURCE_TYPE_ENUM_ID, RESOURCE_VALUE, LAST_UPDATED_STAMP FROM SCREEN_THEME_RESOURCE WHERE (SCREEN_THEME_ID = ? AND RESOURCE_TYPE_ENUM_ID = ?) ORDER BY SEQUENCE_NUM ASC NULLS LAST] and parameters [[screenThemeId:DEFAULT, resourceTypeEnumId:STRT_STYLESHEET]] in [0] seconds [EntityQueryBuilder.class]
[10:44:36.945][DEBUG](qtp1190900417-16) making find PreparedStatement for SQL: SELECT SCREEN_THEME_ID, SEQUENCE_NUM, RESOURCE_TYPE_ENUM_ID, RESOURCE_VALUE, LAST_UPDATED_STAMP FROM SCREEN_THEME_RESOURCE WHERE (SCREEN_THEME_ID = ? AND RESOURCE_TYPE_ENUM_ID = ?) ORDER BY SEQUENCE_NUM ASC NULLS LAST [EntityFindBuilder.class]
[10:44:36.956][DEBUG](qtp1190900417-16) Executed query with SQL [SELECT SCREEN_THEME_ID, SEQUENCE_NUM, RESOURCE_TYPE_ENUM_ID, RESOURCE_VALUE, LAST_UPDATED_STAMP FROM SCREEN_THEME_RESOURCE WHERE (SCREEN_THEME_ID = ? AND RESOURCE_TYPE_ENUM_ID = ?) ORDER BY SEQUENCE_NUM ASC NULLS LAST] and parameters [[screenThemeId:DEFAULT, resourceTypeEnumId:STRT_SCRIPT]] in [0] seconds [EntityQueryBuilder.class]
[10:44:36.959][DEBUG](qtp1190900417-16) making find PreparedStatement for SQL: SELECT SCREEN_THEME_ID, SEQUENCE_NUM, RESOURCE_TYPE_ENUM_ID, RESOURCE_VALUE, LAST_UPDATED_STAMP FROM SCREEN_THEME_RESOURCE WHERE (SCREEN_THEME_ID = ? AND RESOURCE_TYPE_ENUM_ID = ?) ORDER BY SEQUENCE_NUM ASC NULLS LAST [EntityFindBuilder.class]
[10:44:36.960][DEBUG](qtp1190900417-16) Executed query with SQL [SELECT SCREEN_THEME_ID, SEQUENCE_NUM, RESOURCE_TYPE_ENUM_ID, RESOURCE_VALUE, LAST_UPDATED_STAMP FROM SCREEN_THEME_RESOURCE WHERE (SCREEN_THEME_ID = ? AND RESOURCE_TYPE_ENUM_ID = ?) ORDER BY SEQUENCE_NUM ASC NULLS LAST] and parameters [[screenThemeId:DEFAULT, resourceTypeEnumId:STRT_SHORTCUT_ICON]] in [0] seconds [EntityQueryBuilder.class]
[10:44:36.968][DEBUG](qtp1190900417-16) making find PreparedStatement for SQL: SELECT SCREEN_THEME_ID, SEQUENCE_NUM, RESOURCE_TYPE_ENUM_ID, RESOURCE_VALUE, LAST_UPDATED_STAMP FROM SCREEN_THEME_RESOURCE WHERE (SCREEN_THEME_ID = ? AND RESOURCE_TYPE_ENUM_ID = ?) ORDER BY SEQUENCE_NUM ASC NULLS LAST [EntityFindBuilder.class]
[10:44:36.972][DEBUG](qtp1190900417-16) Executed query with SQL [SELECT SCREEN_THEME_ID, SEQUENCE_NUM, RESOURCE_TYPE_ENUM_ID, RESOURCE_VALUE, LAST_UPDATED_STAMP FROM SCREEN_THEME_RESOURCE WHERE (SCREEN_THEME_ID = ? AND RESOURCE_TYPE_ENUM_ID = ?) ORDER BY SEQUENCE_NUM ASC NULLS LAST] and parameters [[screenThemeId:DEFAULT, resourceTypeEnumId:STRT_BODY_CLASS]] in [0] seconds [EntityQueryBuilder.class]
[10:44:37.195][DEBUG](qtp1190900417-16) making find PreparedStatement for SQL: SELECT ORIGINAL, LOCALE, LOCALIZED, LAST_UPDATED_STAMP FROM LOCALIZED_MESSAGE WHERE (ORIGINAL = ? AND LOCALE = ?) [EntityFindBuilder.class]
[10:44:37.196][DEBUG](qtp1190900417-16) Executed query with SQL [SELECT ORIGINAL, LOCALE, LOCALIZED, LAST_UPDATED_STAMP FROM LOCALIZED_MESSAGE WHERE (ORIGINAL = ? AND LOCALE = ?)] and parameters [[original:inner, locale:en_US]] in [0] seconds [EntityQueryBuilder.class]
[10:44:37.198][DEBUG](qtp1190900417-16) making find PreparedStatement for SQL: SELECT ORIGINAL, LOCALE, LOCALIZED, LAST_UPDATED_STAMP FROM LOCALIZED_MESSAGE WHERE (ORIGINAL = ? AND LOCALE = ?) [EntityFindBuilder.class]
[10:44:37.201][DEBUG](qtp1190900417-16) Executed query with SQL [SELECT ORIGINAL, LOCALE, LOCALIZED, LAST_UPDATED_STAMP FROM LOCALIZED_MESSAGE WHERE (ORIGINAL = ? AND LOCALE = ?)] and parameters [[original:inner, locale:en]] in [0] seconds [EntityQueryBuilder.class]
[10:44:37.203][DEBUG](qtp1190900417-16) making find PreparedStatement for SQL: SELECT ORIGINAL, LOCALE, LOCALIZED, LAST_UPDATED_STAMP FROM LOCALIZED_MESSAGE WHERE (ORIGINAL = ? AND LOCALE = ?) [EntityFindBuilder.class]
[10:44:37.204][DEBUG](qtp1190900417-16) Executed query with SQL [SELECT ORIGINAL, LOCALE, LOCALIZED, LAST_UPDATED_STAMP FROM LOCALIZED_MESSAGE WHERE (ORIGINAL = ? AND LOCALE = ?)] and parameters [[original:inner, locale:default]] in [0] seconds [EntityQueryBuilder.class]
[10:44:37.206][DEBUG](qtp1190900417-16) making find PreparedStatement for SQL: SELECT ORIGINAL, LOCALE, LOCALIZED, LAST_UPDATED_STAMP FROM LOCALIZED_MESSAGE WHERE (ORIGINAL = ? AND LOCALE = ?) [EntityFindBuilder.class]
[10:44:37.207][DEBUG](qtp1190900417-16) Executed query with SQL [SELECT ORIGINAL, LOCALE, LOCALIZED, LAST_UPDATED_STAMP FROM LOCALIZED_MESSAGE WHERE (ORIGINAL = ? AND LOCALE = ?)] and parameters [[original:container-fluid, locale:en_US]] in [0] seconds [EntityQueryBuilder.class]
[10:44:37.208][DEBUG](qtp1190900417-16) making find PreparedStatement for SQL: SELECT ORIGINAL, LOCALE, LOCALIZED, LAST_UPDATED_STAMP FROM LOCALIZED_MESSAGE WHERE (ORIGINAL = ? AND LOCALE = ?) [EntityFindBuilder.class]
[10:44:37.209][DEBUG](qtp1190900417-16) Executed query with SQL [SELECT ORIGINAL, LOCALE, LOCALIZED, LAST_UPDATED_STAMP FROM LOCALIZED_MESSAGE WHERE (ORIGINAL = ? AND LOCALE = ?)] and parameters [[original:container-fluid, locale:en]] in [0] seconds [EntityQueryBuilder.class]
[10:44:37.210][DEBUG](qtp1190900417-16) making find PreparedStatement for SQL: SELECT ORIGINAL, LOCALE, LOCALIZED, LAST_UPDATED_STAMP FROM LOCALIZED_MESSAGE WHERE (ORIGINAL = ? AND LOCALE = ?) [EntityFindBuilder.class]
[10:44:37.210][DEBUG](qtp1190900417-16) Executed query with SQL [SELECT ORIGINAL, LOCALE, LOCALIZED, LAST_UPDATED_STAMP FROM LOCALIZED_MESSAGE WHERE (ORIGINAL = ? AND LOCALE = ?)] and parameters [[original:container-fluid, locale:default]] in [0] seconds [EntityQueryBuilder.class]
[10:44:37.307][DEBUG](qtp1190900417-16) making find PreparedStatement for SQL: SELECT COUNT(*)  FROM USER_ACCOUNT [EntityFindBuilder.class]
[10:44:37.308][DEBUG](qtp1190900417-16) Executed query with SQL [SELECT COUNT(*)  FROM USER_ACCOUNT] and parameters [[]] in [0] seconds [EntityQueryBuilder.class]
[10:44:37.335][DEBUG](qtp1190900417-16) making find PreparedStatement for SQL: SELECT ORIGINAL, LOCALE, LOCALIZED, LAST_UPDATED_STAMP FROM LOCALIZED_MESSAGE WHERE (ORIGINAL = ? AND LOCALE = ?) [EntityFindBuilder.class]
[10:44:37.336][DEBUG](qtp1190900417-16) Executed query with SQL [SELECT ORIGINAL, LOCALE, LOCALIZED, LAST_UPDATED_STAMP FROM LOCALIZED_MESSAGE WHERE (ORIGINAL = ? AND LOCALE = ?)] and parameters [[original:transition, locale:en_US]] in [0] seconds [EntityQueryBuilder.class]
[10:44:37.336][DEBUG](qtp1190900417-16) making find PreparedStatement for SQL: SELECT ORIGINAL, LOCALE, LOCALIZED, LAST_UPDATED_STAMP FROM LOCALIZED_MESSAGE WHERE (ORIGINAL = ? AND LOCALE = ?) [EntityFindBuilder.class]
[10:44:37.337][DEBUG](qtp1190900417-16) Executed query with SQL [SELECT ORIGINAL, LOCALE, LOCALIZED, LAST_UPDATED_STAMP FROM LOCALIZED_MESSAGE WHERE (ORIGINAL = ? AND LOCALE = ?)] and parameters [[original:transition, locale:en]] in [0] seconds [EntityQueryBuilder.class]
[10:44:37.337][DEBUG](qtp1190900417-16) making find PreparedStatement for SQL: SELECT ORIGINAL, LOCALE, LOCALIZED, LAST_UPDATED_STAMP FROM LOCALIZED_MESSAGE WHERE (ORIGINAL = ? AND LOCALE = ?) [EntityFindBuilder.class]
[10:44:37.338][DEBUG](qtp1190900417-16) Executed query with SQL [SELECT ORIGINAL, LOCALE, LOCALIZED, LAST_UPDATED_STAMP FROM LOCALIZED_MESSAGE WHERE (ORIGINAL = ? AND LOCALE = ?)] and parameters [[original:transition, locale:default]] in [0] seconds [EntityQueryBuilder.class]
[10:44:37.346][DEBUG](qtp1190900417-16) making find PreparedStatement for SQL: SELECT ORIGINAL, LOCALE, LOCALIZED, LAST_UPDATED_STAMP FROM LOCALIZED_MESSAGE WHERE (ORIGINAL = ? AND LOCALE = ?) [EntityFindBuilder.class]
[10:44:37.347][DEBUG](qtp1190900417-16) Executed query with SQL [SELECT ORIGINAL, LOCALE, LOCALIZED, LAST_UPDATED_STAMP FROM LOCALIZED_MESSAGE WHERE (ORIGINAL = ? AND LOCALE = ?)] and parameters [[original:Enter your username and password to sign in, locale:en_US]] in [0] seconds [EntityQueryBuilder.class]
[10:44:37.348][DEBUG](qtp1190900417-16) making find PreparedStatement for SQL: SELECT ORIGINAL, LOCALE, LOCALIZED, LAST_UPDATED_STAMP FROM LOCALIZED_MESSAGE WHERE (ORIGINAL = ? AND LOCALE = ?) [EntityFindBuilder.class]
[10:44:37.361][DEBUG](qtp1190900417-16) Executed query with SQL [SELECT ORIGINAL, LOCALE, LOCALIZED, LAST_UPDATED_STAMP FROM LOCALIZED_MESSAGE WHERE (ORIGINAL = ? AND LOCALE = ?)] and parameters [[original:Enter your username and password to sign in, locale:en]] in [0] seconds [EntityQueryBuilder.class]
[10:44:37.361][DEBUG](qtp1190900417-16) making find PreparedStatement for SQL: SELECT ORIGINAL, LOCALE, LOCALIZED, LAST_UPDATED_STAMP FROM LOCALIZED_MESSAGE WHERE (ORIGINAL = ? AND LOCALE = ?) [EntityFindBuilder.class]
[10:44:37.362][DEBUG](qtp1190900417-16) Executed query with SQL [SELECT ORIGINAL, LOCALE, LOCALIZED, LAST_UPDATED_STAMP FROM LOCALIZED_MESSAGE WHERE (ORIGINAL = ? AND LOCALE = ?)] and parameters [[original:Enter your username and password to sign in, locale:default]] in [0] seconds [EntityQueryBuilder.class]
[10:44:37.366][DEBUG](qtp1190900417-16) making find PreparedStatement for SQL: SELECT ORIGINAL, LOCALE, LOCALIZED, LAST_UPDATED_STAMP FROM LOCALIZED_MESSAGE WHERE (ORIGINAL = ? AND LOCALE = ?) [EntityFindBuilder.class]
[10:44:37.366][DEBUG](qtp1190900417-16) Executed query with SQL [SELECT ORIGINAL, LOCALE, LOCALIZED, LAST_UPDATED_STAMP FROM LOCALIZED_MESSAGE WHERE (ORIGINAL = ? AND LOCALE = ?)] and parameters [[original:Username, locale:en_US]] in [0] seconds [EntityQueryBuilder.class]
[10:44:37.367][DEBUG](qtp1190900417-16) making find PreparedStatement for SQL: SELECT ORIGINAL, LOCALE, LOCALIZED, LAST_UPDATED_STAMP FROM LOCALIZED_MESSAGE WHERE (ORIGINAL = ? AND LOCALE = ?) [EntityFindBuilder.class]
[10:44:37.368][DEBUG](qtp1190900417-16) Executed query with SQL [SELECT ORIGINAL, LOCALE, LOCALIZED, LAST_UPDATED_STAMP FROM LOCALIZED_MESSAGE WHERE (ORIGINAL = ? AND LOCALE = ?)] and parameters [[original:Username, locale:en]] in [0] seconds [EntityQueryBuilder.class]
[10:44:37.368][DEBUG](qtp1190900417-16) making find PreparedStatement for SQL: SELECT ORIGINAL, LOCALE, LOCALIZED, LAST_UPDATED_STAMP FROM LOCALIZED_MESSAGE WHERE (ORIGINAL = ? AND LOCALE = ?) [EntityFindBuilder.class]
[10:44:37.379][DEBUG](qtp1190900417-16) Executed query with SQL [SELECT ORIGINAL, LOCALE, LOCALIZED, LAST_UPDATED_STAMP FROM LOCALIZED_MESSAGE WHERE (ORIGINAL = ? AND LOCALE = ?)] and parameters [[original:Username, locale:default]] in [0] seconds [EntityQueryBuilder.class]
[10:44:37.380][DEBUG](qtp1190900417-16) making find PreparedStatement for SQL: SELECT ORIGINAL, LOCALE, LOCALIZED, LAST_UPDATED_STAMP FROM LOCALIZED_MESSAGE WHERE (ORIGINAL = ? AND LOCALE = ?) [EntityFindBuilder.class]
[10:44:37.380][DEBUG](qtp1190900417-16) Executed query with SQL [SELECT ORIGINAL, LOCALE, LOCALIZED, LAST_UPDATED_STAMP FROM LOCALIZED_MESSAGE WHERE (ORIGINAL = ? AND LOCALE = ?)] and parameters [[original:Password, locale:en_US]] in [0] seconds [EntityQueryBuilder.class]
[10:44:37.381][DEBUG](qtp1190900417-16) making find PreparedStatement for SQL: SELECT ORIGINAL, LOCALE, LOCALIZED, LAST_UPDATED_STAMP FROM LOCALIZED_MESSAGE WHERE (ORIGINAL = ? AND LOCALE = ?) [EntityFindBuilder.class]
[10:44:37.381][DEBUG](qtp1190900417-16) Executed query with SQL [SELECT ORIGINAL, LOCALE, LOCALIZED, LAST_UPDATED_STAMP FROM LOCALIZED_MESSAGE WHERE (ORIGINAL = ? AND LOCALE = ?)] and parameters [[original:Password, locale:en]] in [0] seconds [EntityQueryBuilder.class]
[10:44:37.382][DEBUG](qtp1190900417-16) making find PreparedStatement for SQL: SELECT ORIGINAL, LOCALE, LOCALIZED, LAST_UPDATED_STAMP FROM LOCALIZED_MESSAGE WHERE (ORIGINAL = ? AND LOCALE = ?) [EntityFindBuilder.class]
[10:44:37.383][DEBUG](qtp1190900417-16) Executed query with SQL [SELECT ORIGINAL, LOCALE, LOCALIZED, LAST_UPDATED_STAMP FROM LOCALIZED_MESSAGE WHERE (ORIGINAL = ? AND LOCALE = ?)] and parameters [[original:Password, locale:default]] in [0] seconds [EntityQueryBuilder.class]
[10:44:37.384][DEBUG](qtp1190900417-16) making find PreparedStatement for SQL: SELECT ORIGINAL, LOCALE, LOCALIZED, LAST_UPDATED_STAMP FROM LOCALIZED_MESSAGE WHERE (ORIGINAL = ? AND LOCALE = ?) [EntityFindBuilder.class]
[10:44:37.385][DEBUG](qtp1190900417-16) Executed query with SQL [SELECT ORIGINAL, LOCALE, LOCALIZED, LAST_UPDATED_STAMP FROM LOCALIZED_MESSAGE WHERE (ORIGINAL = ? AND LOCALE = ?)] and parameters [[original:Sign in, locale:en_US]] in [0] seconds [EntityQueryBuilder.class]
[10:44:37.385][DEBUG](qtp1190900417-16) making find PreparedStatement for SQL: SELECT ORIGINAL, LOCALE, LOCALIZED, LAST_UPDATED_STAMP FROM LOCALIZED_MESSAGE WHERE (ORIGINAL = ? AND LOCALE = ?) [EntityFindBuilder.class]
[10:44:37.386][DEBUG](qtp1190900417-16) Executed query with SQL [SELECT ORIGINAL, LOCALE, LOCALIZED, LAST_UPDATED_STAMP FROM LOCALIZED_MESSAGE WHERE (ORIGINAL = ? AND LOCALE = ?)] and parameters [[original:Sign in, locale:en]] in [0] seconds [EntityQueryBuilder.class]
[10:44:37.390][DEBUG](qtp1190900417-16) making find PreparedStatement for SQL: SELECT ORIGINAL, LOCALE, LOCALIZED, LAST_UPDATED_STAMP FROM LOCALIZED_MESSAGE WHERE (ORIGINAL = ? AND LOCALE = ?) [EntityFindBuilder.class]
[10:44:37.391][DEBUG](qtp1190900417-16) Executed query with SQL [SELECT ORIGINAL, LOCALE, LOCALIZED, LAST_UPDATED_STAMP FROM LOCALIZED_MESSAGE WHERE (ORIGINAL = ? AND LOCALE = ?)] and parameters [[original:Sign in, locale:default]] in [0] seconds [EntityQueryBuilder.class]
[10:44:37.393][DEBUG](qtp1190900417-16) making find PreparedStatement for SQL: SELECT ORIGINAL, LOCALE, LOCALIZED, LAST_UPDATED_STAMP FROM LOCALIZED_MESSAGE WHERE (ORIGINAL = ? AND LOCALE = ?) [EntityFindBuilder.class]
[10:44:37.393][DEBUG](qtp1190900417-16) Executed query with SQL [SELECT ORIGINAL, LOCALE, LOCALIZED, LAST_UPDATED_STAMP FROM LOCALIZED_MESSAGE WHERE (ORIGINAL = ? AND LOCALE = ?)] and parameters [[original:Enter your username to reset and email your password, locale:en_US]] in [0] seconds [EntityQueryBuilder.class]
[10:44:37.394][DEBUG](qtp1190900417-16) making find PreparedStatement for SQL: SELECT ORIGINAL, LOCALE, LOCALIZED, LAST_UPDATED_STAMP FROM LOCALIZED_MESSAGE WHERE (ORIGINAL = ? AND LOCALE = ?) [EntityFindBuilder.class]
[10:44:37.394][DEBUG](qtp1190900417-16) Executed query with SQL [SELECT ORIGINAL, LOCALE, LOCALIZED, LAST_UPDATED_STAMP FROM LOCALIZED_MESSAGE WHERE (ORIGINAL = ? AND LOCALE = ?)] and parameters [[original:Enter your username to reset and email your password, locale:en]] in [0] seconds [EntityQueryBuilder.class]
[10:44:37.395][DEBUG](qtp1190900417-16) making find PreparedStatement for SQL: SELECT ORIGINAL, LOCALE, LOCALIZED, LAST_UPDATED_STAMP FROM LOCALIZED_MESSAGE WHERE (ORIGINAL = ? AND LOCALE = ?) [EntityFindBuilder.class]
[10:44:37.419][DEBUG](qtp1190900417-16) Executed query with SQL [SELECT ORIGINAL, LOCALE, LOCALIZED, LAST_UPDATED_STAMP FROM LOCALIZED_MESSAGE WHERE (ORIGINAL = ? AND LOCALE = ?)] and parameters [[original:Enter your username to reset and email your password, locale:default]] in [0] seconds [EntityQueryBuilder.class]
[10:44:37.420][DEBUG](qtp1190900417-16) making find PreparedStatement for SQL: SELECT ORIGINAL, LOCALE, LOCALIZED, LAST_UPDATED_STAMP FROM LOCALIZED_MESSAGE WHERE (ORIGINAL = ? AND LOCALE = ?) [EntityFindBuilder.class]
[10:44:37.421][DEBUG](qtp1190900417-16) Executed query with SQL [SELECT ORIGINAL, LOCALE, LOCALIZED, LAST_UPDATED_STAMP FROM LOCALIZED_MESSAGE WHERE (ORIGINAL = ? AND LOCALE = ?)] and parameters [[original:Reset and Email Password, locale:en_US]] in [0] seconds [EntityQueryBuilder.class]
[10:44:37.422][DEBUG](qtp1190900417-16) making find PreparedStatement for SQL: SELECT ORIGINAL, LOCALE, LOCALIZED, LAST_UPDATED_STAMP FROM LOCALIZED_MESSAGE WHERE (ORIGINAL = ? AND LOCALE = ?) [EntityFindBuilder.class]
[10:44:37.422][DEBUG](qtp1190900417-16) Executed query with SQL [SELECT ORIGINAL, LOCALE, LOCALIZED, LAST_UPDATED_STAMP FROM LOCALIZED_MESSAGE WHERE (ORIGINAL = ? AND LOCALE = ?)] and parameters [[original:Reset and Email Password, locale:en]] in [0] seconds [EntityQueryBuilder.class]
[10:44:37.423][DEBUG](qtp1190900417-16) making find PreparedStatement for SQL: SELECT ORIGINAL, LOCALE, LOCALIZED, LAST_UPDATED_STAMP FROM LOCALIZED_MESSAGE WHERE (ORIGINAL = ? AND LOCALE = ?) [EntityFindBuilder.class]
[10:44:37.424][DEBUG](qtp1190900417-16) Executed query with SQL [SELECT ORIGINAL, LOCALE, LOCALIZED, LAST_UPDATED_STAMP FROM LOCALIZED_MESSAGE WHERE (ORIGINAL = ? AND LOCALE = ?)] and parameters [[original:Reset and Email Password, locale:default]] in [0] seconds [EntityQueryBuilder.class]
[10:44:37.425][DEBUG](qtp1190900417-16) making find PreparedStatement for SQL: SELECT ORIGINAL, LOCALE, LOCALIZED, LAST_UPDATED_STAMP FROM LOCALIZED_MESSAGE WHERE (ORIGINAL = ? AND LOCALE = ?) [EntityFindBuilder.class]
[10:44:37.426][DEBUG](qtp1190900417-16) Executed query with SQL [SELECT ORIGINAL, LOCALE, LOCALIZED, LAST_UPDATED_STAMP FROM LOCALIZED_MESSAGE WHERE (ORIGINAL = ? AND LOCALE = ?)] and parameters [[original:Enter details to change your password, locale:en_US]] in [0] seconds [EntityQueryBuilder.class]
[10:44:37.426][DEBUG](qtp1190900417-16) making find PreparedStatement for SQL: SELECT ORIGINAL, LOCALE, LOCALIZED, LAST_UPDATED_STAMP FROM LOCALIZED_MESSAGE WHERE (ORIGINAL = ? AND LOCALE = ?) [EntityFindBuilder.class]
[10:44:37.427][DEBUG](qtp1190900417-16) Executed query with SQL [SELECT ORIGINAL, LOCALE, LOCALIZED, LAST_UPDATED_STAMP FROM LOCALIZED_MESSAGE WHERE (ORIGINAL = ? AND LOCALE = ?)] and parameters [[original:Enter details to change your password, locale:en]] in [0] seconds [EntityQueryBuilder.class]
[10:44:37.427][DEBUG](qtp1190900417-16) making find PreparedStatement for SQL: SELECT ORIGINAL, LOCALE, LOCALIZED, LAST_UPDATED_STAMP FROM LOCALIZED_MESSAGE WHERE (ORIGINAL = ? AND LOCALE = ?) [EntityFindBuilder.class]
[10:44:37.428][DEBUG](qtp1190900417-16) Executed query with SQL [SELECT ORIGINAL, LOCALE, LOCALIZED, LAST_UPDATED_STAMP FROM LOCALIZED_MESSAGE WHERE (ORIGINAL = ? AND LOCALE = ?)] and parameters [[original:Enter details to change your password, locale:default]] in [0] seconds [EntityQueryBuilder.class]
[10:44:37.429][DEBUG](qtp1190900417-16) making find PreparedStatement for SQL: SELECT ORIGINAL, LOCALE, LOCALIZED, LAST_UPDATED_STAMP FROM LOCALIZED_MESSAGE WHERE (ORIGINAL = ? AND LOCALE = ?) [EntityFindBuilder.class]
[10:44:37.430][DEBUG](qtp1190900417-16) Executed query with SQL [SELECT ORIGINAL, LOCALE, LOCALIZED, LAST_UPDATED_STAMP FROM LOCALIZED_MESSAGE WHERE (ORIGINAL = ? AND LOCALE = ?)] and parameters [[original:Old Password, locale:en_US]] in [0] seconds [EntityQueryBuilder.class]
[10:44:37.430][DEBUG](qtp1190900417-16) making find PreparedStatement for SQL: SELECT ORIGINAL, LOCALE, LOCALIZED, LAST_UPDATED_STAMP FROM LOCALIZED_MESSAGE WHERE (ORIGINAL = ? AND LOCALE = ?) [EntityFindBuilder.class]
[10:44:37.431][DEBUG](qtp1190900417-16) Executed query with SQL [SELECT ORIGINAL, LOCALE, LOCALIZED, LAST_UPDATED_STAMP FROM LOCALIZED_MESSAGE WHERE (ORIGINAL = ? AND LOCALE = ?)] and parameters [[original:Old Password, locale:en]] in [0] seconds [EntityQueryBuilder.class]
[10:44:37.431][DEBUG](qtp1190900417-16) making find PreparedStatement for SQL: SELECT ORIGINAL, LOCALE, LOCALIZED, LAST_UPDATED_STAMP FROM LOCALIZED_MESSAGE WHERE (ORIGINAL = ? AND LOCALE = ?) [EntityFindBuilder.class]
[10:44:37.432][DEBUG](qtp1190900417-16) Executed query with SQL [SELECT ORIGINAL, LOCALE, LOCALIZED, LAST_UPDATED_STAMP FROM LOCALIZED_MESSAGE WHERE (ORIGINAL = ? AND LOCALE = ?)] and parameters [[original:Old Password, locale:default]] in [0] seconds [EntityQueryBuilder.class]
[10:44:37.433][DEBUG](qtp1190900417-16) making find PreparedStatement for SQL: SELECT ORIGINAL, LOCALE, LOCALIZED, LAST_UPDATED_STAMP FROM LOCALIZED_MESSAGE WHERE (ORIGINAL = ? AND LOCALE = ?) [EntityFindBuilder.class]
[10:44:37.433][DEBUG](qtp1190900417-16) Executed query with SQL [SELECT ORIGINAL, LOCALE, LOCALIZED, LAST_UPDATED_STAMP FROM LOCALIZED_MESSAGE WHERE (ORIGINAL = ? AND LOCALE = ?)] and parameters [[original:New Password, locale:en_US]] in [0] seconds [EntityQueryBuilder.class]
[10:44:37.434][DEBUG](qtp1190900417-16) making find PreparedStatement for SQL: SELECT ORIGINAL, LOCALE, LOCALIZED, LAST_UPDATED_STAMP FROM LOCALIZED_MESSAGE WHERE (ORIGINAL = ? AND LOCALE = ?) [EntityFindBuilder.class]
[10:44:37.434][DEBUG](qtp1190900417-16) Executed query with SQL [SELECT ORIGINAL, LOCALE, LOCALIZED, LAST_UPDATED_STAMP FROM LOCALIZED_MESSAGE WHERE (ORIGINAL = ? AND LOCALE = ?)] and parameters [[original:New Password, locale:en]] in [0] seconds [EntityQueryBuilder.class]
[10:44:37.435][DEBUG](qtp1190900417-16) making find PreparedStatement for SQL: SELECT ORIGINAL, LOCALE, LOCALIZED, LAST_UPDATED_STAMP FROM LOCALIZED_MESSAGE WHERE (ORIGINAL = ? AND LOCALE = ?) [EntityFindBuilder.class]
[10:44:37.435][DEBUG](qtp1190900417-16) Executed query with SQL [SELECT ORIGINAL, LOCALE, LOCALIZED, LAST_UPDATED_STAMP FROM LOCALIZED_MESSAGE WHERE (ORIGINAL = ? AND LOCALE = ?)] and parameters [[original:New Password, locale:default]] in [0] seconds [EntityQueryBuilder.class]
[10:44:37.436][DEBUG](qtp1190900417-16) making find PreparedStatement for SQL: SELECT ORIGINAL, LOCALE, LOCALIZED, LAST_UPDATED_STAMP FROM LOCALIZED_MESSAGE WHERE (ORIGINAL = ? AND LOCALE = ?) [EntityFindBuilder.class]
[10:44:37.437][DEBUG](qtp1190900417-16) Executed query with SQL [SELECT ORIGINAL, LOCALE, LOCALIZED, LAST_UPDATED_STAMP FROM LOCALIZED_MESSAGE WHERE (ORIGINAL = ? AND LOCALE = ?)] and parameters [[original:New Password Verify, locale:en_US]] in [0] seconds [EntityQueryBuilder.class]
[10:44:37.437][DEBUG](qtp1190900417-16) making find PreparedStatement for SQL: SELECT ORIGINAL, LOCALE, LOCALIZED, LAST_UPDATED_STAMP FROM LOCALIZED_MESSAGE WHERE (ORIGINAL = ? AND LOCALE = ?) [EntityFindBuilder.class]
[10:44:37.438][DEBUG](qtp1190900417-16) Executed query with SQL [SELECT ORIGINAL, LOCALE, LOCALIZED, LAST_UPDATED_STAMP FROM LOCALIZED_MESSAGE WHERE (ORIGINAL = ? AND LOCALE = ?)] and parameters [[original:New Password Verify, locale:en]] in [0] seconds [EntityQueryBuilder.class]
[10:44:37.439][DEBUG](qtp1190900417-16) making find PreparedStatement for SQL: SELECT ORIGINAL, LOCALE, LOCALIZED, LAST_UPDATED_STAMP FROM LOCALIZED_MESSAGE WHERE (ORIGINAL = ? AND LOCALE = ?) [EntityFindBuilder.class]
[10:44:37.447][DEBUG](qtp1190900417-16) Executed query with SQL [SELECT ORIGINAL, LOCALE, LOCALIZED, LAST_UPDATED_STAMP FROM LOCALIZED_MESSAGE WHERE (ORIGINAL = ? AND LOCALE = ?)] and parameters [[original:New Password Verify, locale:default]] in [0] seconds [EntityQueryBuilder.class]
[10:44:37.488][DEBUG](qtp1190900417-16) making find PreparedStatement for SQL: SELECT ORIGINAL, LOCALE, LOCALIZED, LAST_UPDATED_STAMP FROM LOCALIZED_MESSAGE WHERE (ORIGINAL = ? AND LOCALE = ?) [EntityFindBuilder.class]
[10:44:37.489][DEBUG](qtp1190900417-16) Executed query with SQL [SELECT ORIGINAL, LOCALE, LOCALIZED, LAST_UPDATED_STAMP FROM LOCALIZED_MESSAGE WHERE (ORIGINAL = ? AND LOCALE = ?)] and parameters [[original:Reset Password, locale:en_US]] in [0] seconds [EntityQueryBuilder.class]
[10:44:37.490][DEBUG](qtp1190900417-16) making find PreparedStatement for SQL: SELECT ORIGINAL, LOCALE, LOCALIZED, LAST_UPDATED_STAMP FROM LOCALIZED_MESSAGE WHERE (ORIGINAL = ? AND LOCALE = ?) [EntityFindBuilder.class]
[10:44:37.490][DEBUG](qtp1190900417-16) Executed query with SQL [SELECT ORIGINAL, LOCALE, LOCALIZED, LAST_UPDATED_STAMP FROM LOCALIZED_MESSAGE WHERE (ORIGINAL = ? AND LOCALE = ?)] and parameters [[original:Reset Password, locale:en]] in [0] seconds [EntityQueryBuilder.class]
[10:44:37.491][DEBUG](qtp1190900417-16) making find PreparedStatement for SQL: SELECT ORIGINAL, LOCALE, LOCALIZED, LAST_UPDATED_STAMP FROM LOCALIZED_MESSAGE WHERE (ORIGINAL = ? AND LOCALE = ?) [EntityFindBuilder.class]
[10:44:37.491][DEBUG](qtp1190900417-16) Executed query with SQL [SELECT ORIGINAL, LOCALE, LOCALIZED, LAST_UPDATED_STAMP FROM LOCALIZED_MESSAGE WHERE (ORIGINAL = ? AND LOCALE = ?)] and parameters [[original:Reset Password, locale:default]] in [0] seconds [EntityQueryBuilder.class]
[10:44:37.584][DEBUG](qtp1190900417-16) making find PreparedStatement for SQL: SELECT COUNT(*)  FROM USER_ACCOUNT WHERE (USER_ID = ? AND CURRENT_PASSWORD = ?) [EntityFindBuilder.class]
[10:44:37.591][DEBUG](qtp1190900417-16) Executed query with SQL [SELECT COUNT(*)  FROM USER_ACCOUNT WHERE (USER_ID = ? AND CURRENT_PASSWORD = ?)] and parameters [[userId:EX_JOHN_DOE, currentPassword:16ac58bbfa332c1c55bd98b53e60720bfa90d394]] in [0] seconds [EntityQueryBuilder.class]
[10:44:37.592][DEBUG](qtp1190900417-16) making find PreparedStatement for SQL: SELECT COUNT(*)  FROM USER_ACCOUNT WHERE (USER_ID = ? AND CURRENT_PASSWORD = ?) [EntityFindBuilder.class]
[10:44:37.592][DEBUG](qtp1190900417-16) Executed query with SQL [SELECT COUNT(*)  FROM USER_ACCOUNT WHERE (USER_ID = ? AND CURRENT_PASSWORD = ?)] and parameters [[userId:EX_JOHN_DOE, currentPassword:16ac58bbfa332c1c55bd98b53e60720bfa90d394]] in [0] seconds [EntityQueryBuilder.class]
[10:44:37.600][INFO ](qtp1190900417-16) Login [] in 1528ms (text/html;charset=utf-8) session node0grr84i0ilt61z9m9ypo2rhsk0 [ScreenRenderImpl.class]
[10:44:43.087][DEBUG](RequireNewTx) making find PreparedStatement for SQL: SELECT SEQ_NAME, SEQ_NUM, LAST_UPDATED_STAMP FROM SEQUENCE_VALUE_ITEM WHERE SEQ_NAME = ? FOR UPDATE [EntityFindBuilder.class]
[10:44:43.088][DEBUG](RequireNewTx) Executed query with SQL [SELECT SEQ_NAME, SEQ_NUM, LAST_UPDATED_STAMP FROM SEQUENCE_VALUE_ITEM WHERE SEQ_NAME = ? FOR UPDATE] and parameters [[seqName:moqui.server.ArtifactHit]] in [0] seconds [EntityQueryBuilder.class]
[10:44:43.088][INFO ](RequireNewTx) 更 [EntityValueBase.class]
[10:44:43.088][INFO ](RequireNewTx) 更1 [EntityValueBase.class]
[10:44:43.088][INFO ](RequireNewTx) 更2 [EntityValueBase.class]
[10:44:43.088][INFO ](RequireNewTx) 更4 [EntityValueBase.class]
[10:44:43.088][INFO ](RequireNewTx) 更5 [EntityValueBase.class]
[10:44:43.088][INFO ](RequireNewTx) 更5 [EntityValueBase.class]
[10:44:43.088][INFO ](RequireNewTx) 更5.5 [EntityValueBase.class]
[10:44:43.088][INFO ](RequireNewTx) 更9 [EntityValueBase.class]
[10:44:43.088][INFO ](RequireNewTx) 更10 [EntityValueBase.class]
[10:44:43.089][INFO ](RequireNewTx) 更11 [EntityValueBase.class]
[10:44:43.089][INFO ](RequireNewTx) 打SQL！ [EntityValueImpl.class]
[10:44:43.089][DEBUG](RequireNewTx) making crud PreparedStatement for SQL: UPDATE SEQUENCE_VALUE_ITEM SET SEQ_NUM=?, LAST_UPDATED_STAMP=? WHERE SEQ_NAME=? [EntityQueryBuilder.class]
[10:44:43.090][DEBUG](RequireNewTx) Executed update with SQL [UPDATE SEQUENCE_VALUE_ITEM SET SEQ_NUM=?, LAST_UPDATED_STAMP=? WHERE SEQ_NAME=?] and parameters [[seqNum:100504, lastUpdatedStamp:2018-04-01 19:44:43.086, seqName:moqui.server.ArtifactHit]] in [0] seconds changing [1] rows [EntityQueryBuilder.class]
[10:44:43.090][INFO ](RequireNewTx) 更12 [EntityValueBase.class]
[10:44:43.090][INFO ](RequireNewTx) 更13 [EntityValueBase.class]
[10:44:43.090][INFO ](RequireNewTx) 更7 [EntityValueBase.class]
[10:44:43.090][INFO ](RequireNewTx) 更8 [EntityValueBase.class]
[10:44:43.100][DEBUG](pool-2-thread-3) making crud PreparedStatement for SQL: INSERT INTO ARTIFACT_HIT (HIT_ID, VISIT_ID, USER_ID, ARTIFACT_TYPE, ARTIFACT_SUB_TYPE, ARTIFACT_NAME, START_DATE_TIME, RUNNING_TIME_MILLIS, IS_SLOW_HIT, OUTPUT_SIZE, WAS_ERROR, REQUEST_URL, SERVER_IP_ADDRESS, SERVER_HOST_NAME, LAST_UPDATED_STAMP) VALUES (?, ?, ?, ?, ?, ?, ?, ?, ?, ?, ?, ?, ?, ?, ?) [EntityQueryBuilder.class]
[10:44:43.101][DEBUG](pool-2-thread-3) Executed update with SQL [INSERT INTO ARTIFACT_HIT (HIT_ID, VISIT_ID, USER_ID, ARTIFACT_TYPE, ARTIFACT_SUB_TYPE, ARTIFACT_NAME, START_DATE_TIME, RUNNING_TIME_MILLIS, IS_SLOW_HIT, OUTPUT_SIZE, WAS_ERROR, REQUEST_URL, SERVER_IP_ADDRESS, SERVER_HOST_NAME, LAST_UPDATED_STAMP) VALUES (?, ?, ?, ?, ?, ?, ?, ?, ?, ?, ?, ?, ?, ?, ?)] and parameters [[]] in [0] seconds changing [1] rows [EntityQueryBuilder.class]
[10:44:43.101][DEBUG](pool-2-thread-3) making crud PreparedStatement for SQL: INSERT INTO ARTIFACT_HIT (HIT_ID, VISIT_ID, USER_ID, ARTIFACT_TYPE, ARTIFACT_SUB_TYPE, ARTIFACT_NAME, START_DATE_TIME, RUNNING_TIME_MILLIS, IS_SLOW_HIT, OUTPUT_SIZE, WAS_ERROR, REQUEST_URL, SERVER_IP_ADDRESS, SERVER_HOST_NAME, LAST_UPDATED_STAMP) VALUES (?, ?, ?, ?, ?, ?, ?, ?, ?, ?, ?, ?, ?, ?, ?) [EntityQueryBuilder.class]
[10:44:43.102][DEBUG](pool-2-thread-3) Executed update with SQL [INSERT INTO ARTIFACT_HIT (HIT_ID, VISIT_ID, USER_ID, ARTIFACT_TYPE, ARTIFACT_SUB_TYPE, ARTIFACT_NAME, START_DATE_TIME, RUNNING_TIME_MILLIS, IS_SLOW_HIT, OUTPUT_SIZE, WAS_ERROR, REQUEST_URL, SERVER_IP_ADDRESS, SERVER_HOST_NAME, LAST_UPDATED_STAMP) VALUES (?, ?, ?, ?, ?, ?, ?, ?, ?, ?, ?, ?, ?, ?, ?)] and parameters [[]] in [0] seconds changing [1] rows [EntityQueryBuilder.class]
[10:44:43.102][DEBUG](pool-2-thread-3) making crud PreparedStatement for SQL: INSERT INTO ARTIFACT_HIT (HIT_ID, VISIT_ID, USER_ID, ARTIFACT_TYPE, ARTIFACT_SUB_TYPE, ARTIFACT_NAME, START_DATE_TIME, RUNNING_TIME_MILLIS, IS_SLOW_HIT, OUTPUT_SIZE, WAS_ERROR, REQUEST_URL, SERVER_IP_ADDRESS, SERVER_HOST_NAME, LAST_UPDATED_STAMP) VALUES (?, ?, ?, ?, ?, ?, ?, ?, ?, ?, ?, ?, ?, ?, ?) [EntityQueryBuilder.class]
[10:44:43.103][DEBUG](pool-2-thread-3) Executed update with SQL [INSERT INTO ARTIFACT_HIT (HIT_ID, VISIT_ID, USER_ID, ARTIFACT_TYPE, ARTIFACT_SUB_TYPE, ARTIFACT_NAME, START_DATE_TIME, RUNNING_TIME_MILLIS, IS_SLOW_HIT, OUTPUT_SIZE, WAS_ERROR, REQUEST_URL, SERVER_IP_ADDRESS, SERVER_HOST_NAME, LAST_UPDATED_STAMP) VALUES (?, ?, ?, ?, ?, ?, ?, ?, ?, ?, ?, ?, ?, ?, ?)] and parameters [[]] in [0] seconds changing [1] rows [EntityQueryBuilder.class]
[10:44:43.103][DEBUG](pool-2-thread-3) making crud PreparedStatement for SQL: INSERT INTO ARTIFACT_HIT (HIT_ID, VISIT_ID, USER_ID, ARTIFACT_TYPE, ARTIFACT_SUB_TYPE, ARTIFACT_NAME, START_DATE_TIME, RUNNING_TIME_MILLIS, IS_SLOW_HIT, OUTPUT_SIZE, WAS_ERROR, REQUEST_URL, SERVER_IP_ADDRESS, SERVER_HOST_NAME, LAST_UPDATED_STAMP) VALUES (?, ?, ?, ?, ?, ?, ?, ?, ?, ?, ?, ?, ?, ?, ?) [EntityQueryBuilder.class]
[10:44:43.103][DEBUG](pool-2-thread-3) Executed update with SQL [INSERT INTO ARTIFACT_HIT (HIT_ID, VISIT_ID, USER_ID, ARTIFACT_TYPE, ARTIFACT_SUB_TYPE, ARTIFACT_NAME, START_DATE_TIME, RUNNING_TIME_MILLIS, IS_SLOW_HIT, OUTPUT_SIZE, WAS_ERROR, REQUEST_URL, SERVER_IP_ADDRESS, SERVER_HOST_NAME, LAST_UPDATED_STAMP) VALUES (?, ?, ?, ?, ?, ?, ?, ?, ?, ?, ?, ?, ?, ?, ?)] and parameters [[]] in [0] seconds changing [1] rows [EntityQueryBuilder.class]
[10:44:43.104][DEBUG](pool-2-thread-3) making crud PreparedStatement for SQL: INSERT INTO ARTIFACT_HIT (HIT_ID, VISIT_ID, USER_ID, ARTIFACT_TYPE, ARTIFACT_SUB_TYPE, ARTIFACT_NAME, START_DATE_TIME, RUNNING_TIME_MILLIS, IS_SLOW_HIT, OUTPUT_SIZE, WAS_ERROR, REQUEST_URL, SERVER_IP_ADDRESS, SERVER_HOST_NAME, LAST_UPDATED_STAMP) VALUES (?, ?, ?, ?, ?, ?, ?, ?, ?, ?, ?, ?, ?, ?, ?) [EntityQueryBuilder.class]
[10:44:43.104][DEBUG](pool-2-thread-3) Executed update with SQL [INSERT INTO ARTIFACT_HIT (HIT_ID, VISIT_ID, USER_ID, ARTIFACT_TYPE, ARTIFACT_SUB_TYPE, ARTIFACT_NAME, START_DATE_TIME, RUNNING_TIME_MILLIS, IS_SLOW_HIT, OUTPUT_SIZE, WAS_ERROR, REQUEST_URL, SERVER_IP_ADDRESS, SERVER_HOST_NAME, LAST_UPDATED_STAMP) VALUES (?, ?, ?, ?, ?, ?, ?, ?, ?, ?, ?, ?, ?, ?, ?)] and parameters [[]] in [0] seconds changing [1] rows [EntityQueryBuilder.class]
[10:44:43.104][DEBUG](pool-2-thread-3) making crud PreparedStatement for SQL: INSERT INTO ARTIFACT_HIT (HIT_ID, VISIT_ID, USER_ID, ARTIFACT_TYPE, ARTIFACT_SUB_TYPE, ARTIFACT_NAME, START_DATE_TIME, RUNNING_TIME_MILLIS, IS_SLOW_HIT, OUTPUT_SIZE, WAS_ERROR, REQUEST_URL, SERVER_IP_ADDRESS, SERVER_HOST_NAME, LAST_UPDATED_STAMP) VALUES (?, ?, ?, ?, ?, ?, ?, ?, ?, ?, ?, ?, ?, ?, ?) [EntityQueryBuilder.class]
[10:44:43.132][DEBUG](pool-2-thread-3) Executed update with SQL [INSERT INTO ARTIFACT_HIT (HIT_ID, VISIT_ID, USER_ID, ARTIFACT_TYPE, ARTIFACT_SUB_TYPE, ARTIFACT_NAME, START_DATE_TIME, RUNNING_TIME_MILLIS, IS_SLOW_HIT, OUTPUT_SIZE, WAS_ERROR, REQUEST_URL, SERVER_IP_ADDRESS, SERVER_HOST_NAME, LAST_UPDATED_STAMP) VALUES (?, ?, ?, ?, ?, ?, ?, ?, ?, ?, ?, ?, ?, ?, ?)] and parameters [[]] in [0] seconds changing [1] rows [EntityQueryBuilder.class]
[10:44:43.133][DEBUG](pool-2-thread-3) making crud PreparedStatement for SQL: INSERT INTO ARTIFACT_HIT (HIT_ID, VISIT_ID, USER_ID, ARTIFACT_TYPE, ARTIFACT_SUB_TYPE, ARTIFACT_NAME, START_DATE_TIME, RUNNING_TIME_MILLIS, IS_SLOW_HIT, OUTPUT_SIZE, WAS_ERROR, REQUEST_URL, SERVER_IP_ADDRESS, SERVER_HOST_NAME, LAST_UPDATED_STAMP) VALUES (?, ?, ?, ?, ?, ?, ?, ?, ?, ?, ?, ?, ?, ?, ?) [EntityQueryBuilder.class]
[10:44:43.133][DEBUG](pool-2-thread-3) Executed update with SQL [INSERT INTO ARTIFACT_HIT (HIT_ID, VISIT_ID, USER_ID, ARTIFACT_TYPE, ARTIFACT_SUB_TYPE, ARTIFACT_NAME, START_DATE_TIME, RUNNING_TIME_MILLIS, IS_SLOW_HIT, OUTPUT_SIZE, WAS_ERROR, REQUEST_URL, SERVER_IP_ADDRESS, SERVER_HOST_NAME, LAST_UPDATED_STAMP) VALUES (?, ?, ?, ?, ?, ?, ?, ?, ?, ?, ?, ?, ?, ?, ?)] and parameters [[]] in [0] seconds changing [1] rows [EntityQueryBuilder.class]
[10:44:43.133][DEBUG](pool-2-thread-3) making crud PreparedStatement for SQL: INSERT INTO ARTIFACT_HIT (HIT_ID, VISIT_ID, USER_ID, ARTIFACT_TYPE, ARTIFACT_SUB_TYPE, ARTIFACT_NAME, START_DATE_TIME, RUNNING_TIME_MILLIS, IS_SLOW_HIT, OUTPUT_SIZE, WAS_ERROR, REQUEST_URL, SERVER_IP_ADDRESS, SERVER_HOST_NAME, LAST_UPDATED_STAMP) VALUES (?, ?, ?, ?, ?, ?, ?, ?, ?, ?, ?, ?, ?, ?, ?) [EntityQueryBuilder.class]
[10:44:43.134][DEBUG](pool-2-thread-3) Executed update with SQL [INSERT INTO ARTIFACT_HIT (HIT_ID, VISIT_ID, USER_ID, ARTIFACT_TYPE, ARTIFACT_SUB_TYPE, ARTIFACT_NAME, START_DATE_TIME, RUNNING_TIME_MILLIS, IS_SLOW_HIT, OUTPUT_SIZE, WAS_ERROR, REQUEST_URL, SERVER_IP_ADDRESS, SERVER_HOST_NAME, LAST_UPDATED_STAMP) VALUES (?, ?, ?, ?, ?, ?, ?, ?, ?, ?, ?, ?, ?, ?, ?)] and parameters [[]] in [0] seconds changing [1] rows [EntityQueryBuilder.class]
[10:44:43.134][DEBUG](pool-2-thread-3) making crud PreparedStatement for SQL: INSERT INTO ARTIFACT_HIT (HIT_ID, VISIT_ID, USER_ID, ARTIFACT_TYPE, ARTIFACT_SUB_TYPE, ARTIFACT_NAME, START_DATE_TIME, RUNNING_TIME_MILLIS, IS_SLOW_HIT, OUTPUT_SIZE, WAS_ERROR, REQUEST_URL, SERVER_IP_ADDRESS, SERVER_HOST_NAME, LAST_UPDATED_STAMP) VALUES (?, ?, ?, ?, ?, ?, ?, ?, ?, ?, ?, ?, ?, ?, ?) [EntityQueryBuilder.class]
[10:44:43.135][DEBUG](pool-2-thread-3) Executed update with SQL [INSERT INTO ARTIFACT_HIT (HIT_ID, VISIT_ID, USER_ID, ARTIFACT_TYPE, ARTIFACT_SUB_TYPE, ARTIFACT_NAME, START_DATE_TIME, RUNNING_TIME_MILLIS, IS_SLOW_HIT, OUTPUT_SIZE, WAS_ERROR, REQUEST_URL, SERVER_IP_ADDRESS, SERVER_HOST_NAME, LAST_UPDATED_STAMP) VALUES (?, ?, ?, ?, ?, ?, ?, ?, ?, ?, ?, ?, ?, ?, ?)] and parameters [[]] in [0] seconds changing [1] rows [EntityQueryBuilder.class]
[10:44:43.135][DEBUG](pool-2-thread-3) making crud PreparedStatement for SQL: INSERT INTO ARTIFACT_HIT (HIT_ID, VISIT_ID, USER_ID, ARTIFACT_TYPE, ARTIFACT_SUB_TYPE, ARTIFACT_NAME, START_DATE_TIME, RUNNING_TIME_MILLIS, IS_SLOW_HIT, OUTPUT_SIZE, WAS_ERROR, REQUEST_URL, SERVER_IP_ADDRESS, SERVER_HOST_NAME, LAST_UPDATED_STAMP) VALUES (?, ?, ?, ?, ?, ?, ?, ?, ?, ?, ?, ?, ?, ?, ?) [EntityQueryBuilder.class]
[10:44:43.136][DEBUG](pool-2-thread-3) Executed update with SQL [INSERT INTO ARTIFACT_HIT (HIT_ID, VISIT_ID, USER_ID, ARTIFACT_TYPE, ARTIFACT_SUB_TYPE, ARTIFACT_NAME, START_DATE_TIME, RUNNING_TIME_MILLIS, IS_SLOW_HIT, OUTPUT_SIZE, WAS_ERROR, REQUEST_URL, SERVER_IP_ADDRESS, SERVER_HOST_NAME, LAST_UPDATED_STAMP) VALUES (?, ?, ?, ?, ?, ?, ?, ?, ?, ?, ?, ?, ?, ?, ?)] and parameters [[]] in [0] seconds changing [1] rows [EntityQueryBuilder.class]
[10:44:43.136][DEBUG](pool-2-thread-3) making crud PreparedStatement for SQL: INSERT INTO ARTIFACT_HIT (HIT_ID, VISIT_ID, USER_ID, ARTIFACT_TYPE, ARTIFACT_SUB_TYPE, ARTIFACT_NAME, START_DATE_TIME, RUNNING_TIME_MILLIS, IS_SLOW_HIT, OUTPUT_SIZE, WAS_ERROR, REQUEST_URL, SERVER_IP_ADDRESS, SERVER_HOST_NAME, LAST_UPDATED_STAMP) VALUES (?, ?, ?, ?, ?, ?, ?, ?, ?, ?, ?, ?, ?, ?, ?) [EntityQueryBuilder.class]
[10:44:43.136][DEBUG](pool-2-thread-3) Executed update with SQL [INSERT INTO ARTIFACT_HIT (HIT_ID, VISIT_ID, USER_ID, ARTIFACT_TYPE, ARTIFACT_SUB_TYPE, ARTIFACT_NAME, START_DATE_TIME, RUNNING_TIME_MILLIS, IS_SLOW_HIT, OUTPUT_SIZE, WAS_ERROR, REQUEST_URL, SERVER_IP_ADDRESS, SERVER_HOST_NAME, LAST_UPDATED_STAMP) VALUES (?, ?, ?, ?, ?, ?, ?, ?, ?, ?, ?, ?, ?, ?, ?)] and parameters [[]] in [0] seconds changing [1] rows [EntityQueryBuilder.class]
[10:44:43.217][DEBUG](pool-2-thread-3) making crud PreparedStatement for SQL: INSERT INTO ARTIFACT_HIT (HIT_ID, VISIT_ID, USER_ID, ARTIFACT_TYPE, ARTIFACT_SUB_TYPE, ARTIFACT_NAME, START_DATE_TIME, RUNNING_TIME_MILLIS, IS_SLOW_HIT, OUTPUT_SIZE, WAS_ERROR, REQUEST_URL, SERVER_IP_ADDRESS, SERVER_HOST_NAME, LAST_UPDATED_STAMP) VALUES (?, ?, ?, ?, ?, ?, ?, ?, ?, ?, ?, ?, ?, ?, ?) [EntityQueryBuilder.class]
[10:44:43.218][DEBUG](pool-2-thread-3) Executed update with SQL [INSERT INTO ARTIFACT_HIT (HIT_ID, VISIT_ID, USER_ID, ARTIFACT_TYPE, ARTIFACT_SUB_TYPE, ARTIFACT_NAME, START_DATE_TIME, RUNNING_TIME_MILLIS, IS_SLOW_HIT, OUTPUT_SIZE, WAS_ERROR, REQUEST_URL, SERVER_IP_ADDRESS, SERVER_HOST_NAME, LAST_UPDATED_STAMP) VALUES (?, ?, ?, ?, ?, ?, ?, ?, ?, ?, ?, ?, ?, ?, ?)] and parameters [[]] in [0] seconds changing [1] rows [EntityQueryBuilder.class]
[10:44:43.218][DEBUG](pool-2-thread-3) making crud PreparedStatement for SQL: INSERT INTO ARTIFACT_HIT (HIT_ID, VISIT_ID, USER_ID, ARTIFACT_TYPE, ARTIFACT_SUB_TYPE, ARTIFACT_NAME, START_DATE_TIME, RUNNING_TIME_MILLIS, IS_SLOW_HIT, OUTPUT_SIZE, WAS_ERROR, REQUEST_URL, SERVER_IP_ADDRESS, SERVER_HOST_NAME, LAST_UPDATED_STAMP) VALUES (?, ?, ?, ?, ?, ?, ?, ?, ?, ?, ?, ?, ?, ?, ?) [EntityQueryBuilder.class]
[10:44:43.219][DEBUG](pool-2-thread-3) Executed update with SQL [INSERT INTO ARTIFACT_HIT (HIT_ID, VISIT_ID, USER_ID, ARTIFACT_TYPE, ARTIFACT_SUB_TYPE, ARTIFACT_NAME, START_DATE_TIME, RUNNING_TIME_MILLIS, IS_SLOW_HIT, OUTPUT_SIZE, WAS_ERROR, REQUEST_URL, SERVER_IP_ADDRESS, SERVER_HOST_NAME, LAST_UPDATED_STAMP) VALUES (?, ?, ?, ?, ?, ?, ?, ?, ?, ?, ?, ?, ?, ?, ?)] and parameters [[]] in [0] seconds changing [1] rows [EntityQueryBuilder.class]
[10:44:43.219][DEBUG](pool-2-thread-3) making crud PreparedStatement for SQL: INSERT INTO ARTIFACT_HIT (HIT_ID, VISIT_ID, USER_ID, ARTIFACT_TYPE, ARTIFACT_SUB_TYPE, ARTIFACT_NAME, START_DATE_TIME, RUNNING_TIME_MILLIS, IS_SLOW_HIT, OUTPUT_SIZE, WAS_ERROR, REQUEST_URL, SERVER_IP_ADDRESS, SERVER_HOST_NAME, LAST_UPDATED_STAMP) VALUES (?, ?, ?, ?, ?, ?, ?, ?, ?, ?, ?, ?, ?, ?, ?) [EntityQueryBuilder.class]
[10:44:43.219][DEBUG](pool-2-thread-3) Executed update with SQL [INSERT INTO ARTIFACT_HIT (HIT_ID, VISIT_ID, USER_ID, ARTIFACT_TYPE, ARTIFACT_SUB_TYPE, ARTIFACT_NAME, START_DATE_TIME, RUNNING_TIME_MILLIS, IS_SLOW_HIT, OUTPUT_SIZE, WAS_ERROR, REQUEST_URL, SERVER_IP_ADDRESS, SERVER_HOST_NAME, LAST_UPDATED_STAMP) VALUES (?, ?, ?, ?, ?, ?, ?, ?, ?, ?, ?, ?, ?, ?, ?)] and parameters [[]] in [0] seconds changing [1] rows [EntityQueryBuilder.class]
